[2016-11-19 10:11:47], debug -> Exception:array (
  'code' => 101,
  'line' => 121,
  'file' => 'E:\\Dev\\cms\\library\\Router\\Router.php',
  'message' => '找不到指定的控制器:Index/Index',
  'trace' => 
  array (
    0 => 
    array (
      'file' => 'E:\\Dev\\cms\\public\\index.php',
      'line' => 13,
      'function' => 'dispatch',
      'class' => 'Library\\Router\\router',
      'type' => '->',
      'args' => 
      array (
      ),
    ),
  ),
  'type' => 'Error',
)
[2016-11-19 10:11:52], debug -> Exception:array (
  'code' => 101,
  'line' => 121,
  'file' => 'E:\\Dev\\cms\\library\\Router\\Router.php',
  'message' => '找不到指定的控制器:Index/Index',
  'trace' => 
  array (
    0 => 
    array (
      'file' => 'E:\\Dev\\cms\\public\\index.php',
      'line' => 13,
      'function' => 'dispatch',
      'class' => 'Library\\Router\\router',
      'type' => '->',
      'args' => 
      array (
      ),
    ),
  ),
  'type' => 'Error',
)
[2016-11-19 10:12:47], debug -> Exception:array (
  'code' => 101,
  'line' => 121,
  'file' => 'E:\\Dev\\cms\\library\\Router\\Router.php',
  'message' => '找不到指定的控制器:Index/Index',
  'trace' => 
  array (
    0 => 
    array (
      'file' => 'E:\\Dev\\cms\\public\\index.php',
      'line' => 13,
      'function' => 'dispatch',
      'class' => 'Library\\Router\\router',
      'type' => '->',
      'args' => 
      array (
      ),
    ),
  ),
  'type' => 'Error',
)
[2016-11-19 10:12:51], debug -> Exception:array (
  'code' => 101,
  'line' => 121,
  'file' => 'E:\\Dev\\cms\\library\\Router\\Router.php',
  'message' => '找不到指定的控制器:Index/Index',
  'trace' => 
  array (
    0 => 
    array (
      'file' => 'E:\\Dev\\cms\\public\\index.php',
      'line' => 13,
      'function' => 'dispatch',
      'class' => 'Library\\Router\\router',
      'type' => '->',
      'args' => 
      array (
      ),
    ),
  ),
  'type' => 'Error',
)
[2016-11-19 10:24:10], debug -> Exception:array (
  'code' => 101,
  'line' => 121,
  'file' => 'E:\\Dev\\cms\\library\\Router\\Router.php',
  'message' => '找不到指定的控制器:Index/Index',
  'trace' => 
  array (
    0 => 
    array (
      'file' => 'E:\\Dev\\cms\\public\\index.php',
      'line' => 13,
      'function' => 'dispatch',
      'class' => 'Library\\Router\\router',
      'type' => '->',
      'args' => 
      array (
      ),
    ),
  ),
  'type' => 'Error',
)
[2016-11-19 10:30:08], debug -> Exception:array (
  'code' => 101,
  'line' => 121,
  'file' => 'E:\\Dev\\cms\\library\\Router\\Router.php',
  'message' => '找不到指定的控制器:Index/Index',
  'trace' => 
  array (
    0 => 
    array (
      'file' => 'E:\\Dev\\cms\\public\\index.php',
      'line' => 13,
      'function' => 'dispatch',
      'class' => 'Library\\Router\\router',
      'type' => '->',
      'args' => 
      array (
      ),
    ),
  ),
  'type' => 'Error',
)
[2016-11-19 10:30:09], debug -> Exception:array (
  'code' => 101,
  'line' => 121,
  'file' => 'E:\\Dev\\cms\\library\\Router\\Router.php',
  'message' => '找不到指定的控制器:Index/Index',
  'trace' => 
  array (
    0 => 
    array (
      'file' => 'E:\\Dev\\cms\\public\\index.php',
      'line' => 13,
      'function' => 'dispatch',
      'class' => 'Library\\Router\\router',
      'type' => '->',
      'args' => 
      array (
      ),
    ),
  ),
  'type' => 'Error',
)
[2016-11-19 10:30:24], debug -> Exception:array (
  'code' => 101,
  'line' => 121,
  'file' => 'E:\\Dev\\cms\\library\\Router\\Router.php',
  'message' => '找不到指定的控制器:Index/Index',
  'trace' => 
  array (
    0 => 
    array (
      'file' => 'E:\\Dev\\cms\\public\\index.php',
      'line' => 13,
      'function' => 'dispatch',
      'class' => 'Library\\Router\\router',
      'type' => '->',
      'args' => 
      array (
      ),
    ),
  ),
  'type' => 'Error',
)
[2016-11-19 10:30:34], debug -> Exception:array (
  'code' => 101,
  'line' => 121,
  'file' => 'E:\\Dev\\cms\\library\\Router\\Router.php',
  'message' => '找不到指定的控制器:Index/Index',
  'trace' => 
  array (
    0 => 
    array (
      'file' => 'E:\\Dev\\cms\\public\\index.php',
      'line' => 13,
      'function' => 'dispatch',
      'class' => 'Library\\Router\\router',
      'type' => '->',
      'args' => 
      array (
      ),
    ),
  ),
  'type' => 'Error',
)
[2016-11-19 10:30:35], debug -> Exception:array (
  'code' => 101,
  'line' => 121,
  'file' => 'E:\\Dev\\cms\\library\\Router\\Router.php',
  'message' => '找不到指定的控制器:Index/Index',
  'trace' => 
  array (
    0 => 
    array (
      'file' => 'E:\\Dev\\cms\\public\\index.php',
      'line' => 13,
      'function' => 'dispatch',
      'class' => 'Library\\Router\\router',
      'type' => '->',
      'args' => 
      array (
      ),
    ),
  ),
  'type' => 'Error',
)
[2016-11-19 10:30:36], debug -> Exception:array (
  'code' => 101,
  'line' => 121,
  'file' => 'E:\\Dev\\cms\\library\\Router\\Router.php',
  'message' => '找不到指定的控制器:Index/Index',
  'trace' => 
  array (
    0 => 
    array (
      'file' => 'E:\\Dev\\cms\\public\\index.php',
      'line' => 13,
      'function' => 'dispatch',
      'class' => 'Library\\Router\\router',
      'type' => '->',
      'args' => 
      array (
      ),
    ),
  ),
  'type' => 'Error',
)
[2016-11-19 10:31:49], debug -> Exception:array (
  'code' => 101,
  'line' => 121,
  'file' => 'E:\\Dev\\cms\\library\\Router\\Router.php',
  'message' => '找不到指定的控制器:Index/Index',
  'trace' => 
  array (
    0 => 
    array (
      'file' => 'E:\\Dev\\cms\\public\\index.php',
      'line' => 13,
      'function' => 'dispatch',
      'class' => 'Library\\Router\\router',
      'type' => '->',
      'args' => 
      array (
      ),
    ),
  ),
  'type' => 'Error',
)
[2016-11-19 10:31:49], debug -> Exception:array (
  'code' => 101,
  'line' => 121,
  'file' => 'E:\\Dev\\cms\\library\\Router\\Router.php',
  'message' => '找不到指定的控制器:Index/Index',
  'trace' => 
  array (
    0 => 
    array (
      'file' => 'E:\\Dev\\cms\\public\\index.php',
      'line' => 13,
      'function' => 'dispatch',
      'class' => 'Library\\Router\\router',
      'type' => '->',
      'args' => 
      array (
      ),
    ),
  ),
  'type' => 'Error',
)
[2016-11-19 10:31:50], debug -> Exception:array (
  'code' => 101,
  'line' => 121,
  'file' => 'E:\\Dev\\cms\\library\\Router\\Router.php',
  'message' => '找不到指定的控制器:Index/Index',
  'trace' => 
  array (
    0 => 
    array (
      'file' => 'E:\\Dev\\cms\\public\\index.php',
      'line' => 13,
      'function' => 'dispatch',
      'class' => 'Library\\Router\\router',
      'type' => '->',
      'args' => 
      array (
      ),
    ),
  ),
  'type' => 'Error',
)
[2016-11-19 10:31:50], debug -> Exception:array (
  'code' => 101,
  'line' => 121,
  'file' => 'E:\\Dev\\cms\\library\\Router\\Router.php',
  'message' => '找不到指定的控制器:Index/Index',
  'trace' => 
  array (
    0 => 
    array (
      'file' => 'E:\\Dev\\cms\\public\\index.php',
      'line' => 13,
      'function' => 'dispatch',
      'class' => 'Library\\Router\\router',
      'type' => '->',
      'args' => 
      array (
      ),
    ),
  ),
  'type' => 'Error',
)
[2016-11-19 10:31:50], debug -> Exception:array (
  'code' => 101,
  'line' => 121,
  'file' => 'E:\\Dev\\cms\\library\\Router\\Router.php',
  'message' => '找不到指定的控制器:Index/Index',
  'trace' => 
  array (
    0 => 
    array (
      'file' => 'E:\\Dev\\cms\\public\\index.php',
      'line' => 13,
      'function' => 'dispatch',
      'class' => 'Library\\Router\\router',
      'type' => '->',
      'args' => 
      array (
      ),
    ),
  ),
  'type' => 'Error',
)
[2016-11-19 10:32:53], debug -> Exception:array (
  'code' => 101,
  'line' => 121,
  'file' => 'E:\\Dev\\cms\\library\\Router\\Router.php',
  'message' => '找不到指定的控制器:Index/Index',
  'trace' => 
  array (
    0 => 
    array (
      'file' => 'E:\\Dev\\cms\\public\\index.php',
      'line' => 13,
      'function' => 'dispatch',
      'class' => 'Library\\Router\\router',
      'type' => '->',
      'args' => 
      array (
      ),
    ),
  ),
  'type' => 'Error',
)
[2016-11-19 10:34:00], debug -> Exception:array (
  'code' => 101,
  'line' => 121,
  'file' => 'E:\\Dev\\cms\\library\\Router\\Router.php',
  'message' => '找不到指定的控制器:Index/Index',
  'trace' => 
  array (
    0 => 
    array (
      'file' => 'E:\\Dev\\cms\\public\\index.php',
      'line' => 13,
      'function' => 'dispatch',
      'class' => 'Library\\Router\\router',
      'type' => '->',
      'args' => 
      array (
      ),
    ),
  ),
  'type' => 'Error',
)
[2016-11-19 10:36:07], debug -> Exception:array (
  'code' => 101,
  'line' => 121,
  'file' => 'E:\\Dev\\cms\\library\\Router\\Router.php',
  'message' => '找不到指定的控制器:Index/Index',
  'trace' => 
  array (
    0 => 
    array (
      'file' => 'E:\\Dev\\cms\\public\\index.php',
      'line' => 13,
      'function' => 'dispatch',
      'class' => 'Library\\Router\\router',
      'type' => '->',
      'args' => 
      array (
      ),
    ),
  ),
  'type' => 'Error',
)
[2016-11-19 10:36:08], debug -> Exception:array (
  'code' => 101,
  'line' => 121,
  'file' => 'E:\\Dev\\cms\\library\\Router\\Router.php',
  'message' => '找不到指定的控制器:Index/Index',
  'trace' => 
  array (
    0 => 
    array (
      'file' => 'E:\\Dev\\cms\\public\\index.php',
      'line' => 13,
      'function' => 'dispatch',
      'class' => 'Library\\Router\\router',
      'type' => '->',
      'args' => 
      array (
      ),
    ),
  ),
  'type' => 'Error',
)
[2016-11-19 10:36:09], debug -> Exception:array (
  'code' => 101,
  'line' => 121,
  'file' => 'E:\\Dev\\cms\\library\\Router\\Router.php',
  'message' => '找不到指定的控制器:Index/Index',
  'trace' => 
  array (
    0 => 
    array (
      'file' => 'E:\\Dev\\cms\\public\\index.php',
      'line' => 13,
      'function' => 'dispatch',
      'class' => 'Library\\Router\\router',
      'type' => '->',
      'args' => 
      array (
      ),
    ),
  ),
  'type' => 'Error',
)
[2016-11-19 10:36:35], debug -> Exception:array (
  'code' => 101,
  'line' => 121,
  'file' => 'E:\\Dev\\cms\\library\\Router\\Router.php',
  'message' => '找不到指定的控制器:Index/Index',
  'trace' => 
  array (
    0 => 
    array (
      'file' => 'E:\\Dev\\cms\\public\\index.php',
      'line' => 13,
      'function' => 'dispatch',
      'class' => 'Library\\Router\\router',
      'type' => '->',
      'args' => 
      array (
      ),
    ),
  ),
  'type' => 'Error',
)
[2016-11-19 10:37:19], debug -> Exception:array (
  'code' => 101,
  'line' => 121,
  'file' => 'E:\\Dev\\cms\\library\\Router\\Router.php',
  'message' => '找不到指定的控制器:Index/Index',
  'trace' => 
  array (
    0 => 
    array (
      'file' => 'E:\\Dev\\cms\\public\\index.php',
      'line' => 13,
      'function' => 'dispatch',
      'class' => 'Library\\Router\\router',
      'type' => '->',
      'args' => 
      array (
      ),
    ),
  ),
  'type' => 'Error',
)
[2016-11-19 10:37:20], debug -> Exception:array (
  'code' => 101,
  'line' => 121,
  'file' => 'E:\\Dev\\cms\\library\\Router\\Router.php',
  'message' => '找不到指定的控制器:Index/Index',
  'trace' => 
  array (
    0 => 
    array (
      'file' => 'E:\\Dev\\cms\\public\\index.php',
      'line' => 13,
      'function' => 'dispatch',
      'class' => 'Library\\Router\\router',
      'type' => '->',
      'args' => 
      array (
      ),
    ),
  ),
  'type' => 'Error',
)
[2016-11-19 10:37:20], debug -> Exception:array (
  'code' => 101,
  'line' => 121,
  'file' => 'E:\\Dev\\cms\\library\\Router\\Router.php',
  'message' => '找不到指定的控制器:Index/Index',
  'trace' => 
  array (
    0 => 
    array (
      'file' => 'E:\\Dev\\cms\\public\\index.php',
      'line' => 13,
      'function' => 'dispatch',
      'class' => 'Library\\Router\\router',
      'type' => '->',
      'args' => 
      array (
      ),
    ),
  ),
  'type' => 'Error',
)
[2016-11-19 10:38:42], debug -> Exception:array (
  'code' => 101,
  'line' => 121,
  'file' => 'E:\\Dev\\cms\\library\\Router\\Router.php',
  'message' => '找不到指定的控制器:Index/Index',
  'trace' => 
  array (
    0 => 
    array (
      'file' => 'E:\\Dev\\cms\\public\\index.php',
      'line' => 13,
      'function' => 'dispatch',
      'class' => 'Library\\Router\\router',
      'type' => '->',
      'args' => 
      array (
      ),
    ),
  ),
  'type' => 'Error',
)
[2016-11-19 10:38:43], debug -> Exception:array (
  'code' => 101,
  'line' => 121,
  'file' => 'E:\\Dev\\cms\\library\\Router\\Router.php',
  'message' => '找不到指定的控制器:Index/Index',
  'trace' => 
  array (
    0 => 
    array (
      'file' => 'E:\\Dev\\cms\\public\\index.php',
      'line' => 13,
      'function' => 'dispatch',
      'class' => 'Library\\Router\\router',
      'type' => '->',
      'args' => 
      array (
      ),
    ),
  ),
  'type' => 'Error',
)
[2016-11-19 10:43:52], debug -> Exception:array (
  'code' => 101,
  'line' => 121,
  'file' => 'E:\\Dev\\cms\\library\\Router\\Router.php',
  'message' => '找不到指定的控制器:Index/Index',
  'trace' => 
  array (
    0 => 
    array (
      'file' => 'E:\\Dev\\cms\\public\\index.php',
      'line' => 13,
      'function' => 'dispatch',
      'class' => 'Library\\Router\\router',
      'type' => '->',
      'args' => 
      array (
      ),
    ),
  ),
  'type' => 'Error',
)
[2016-11-19 10:45:08], debug -> Exception:array (
  'code' => 101,
  'line' => 121,
  'file' => 'E:\\Dev\\cms\\library\\Router\\Router.php',
  'message' => '找不到指定的控制器:Index/Index',
  'trace' => 
  array (
    0 => 
    array (
      'file' => 'E:\\Dev\\cms\\public\\index.php',
      'line' => 13,
      'function' => 'dispatch',
      'class' => 'Library\\Router\\router',
      'type' => '->',
      'args' => 
      array (
      ),
    ),
  ),
  'type' => 'Error',
)
[2016-11-19 10:47:01], debug -> Exception:array (
  'code' => 101,
  'line' => 121,
  'file' => 'E:\\Dev\\cms\\library\\Router\\Router.php',
  'message' => '找不到指定的控制器:Index/Index',
  'trace' => 
  array (
    0 => 
    array (
      'file' => 'E:\\Dev\\cms\\public\\index.php',
      'line' => 13,
      'function' => 'dispatch',
      'class' => 'Library\\Router\\router',
      'type' => '->',
      'args' => 
      array (
      ),
    ),
  ),
  'type' => 'Error',
)
[2016-11-19 10:47:02], debug -> Exception:array (
  'code' => 101,
  'line' => 121,
  'file' => 'E:\\Dev\\cms\\library\\Router\\Router.php',
  'message' => '找不到指定的控制器:Index/Index',
  'trace' => 
  array (
    0 => 
    array (
      'file' => 'E:\\Dev\\cms\\public\\index.php',
      'line' => 13,
      'function' => 'dispatch',
      'class' => 'Library\\Router\\router',
      'type' => '->',
      'args' => 
      array (
      ),
    ),
  ),
  'type' => 'Error',
)
[2016-11-19 10:47:03], debug -> Exception:array (
  'code' => 101,
  'line' => 121,
  'file' => 'E:\\Dev\\cms\\library\\Router\\Router.php',
  'message' => '找不到指定的控制器:Index/Index',
  'trace' => 
  array (
    0 => 
    array (
      'file' => 'E:\\Dev\\cms\\public\\index.php',
      'line' => 13,
      'function' => 'dispatch',
      'class' => 'Library\\Router\\router',
      'type' => '->',
      'args' => 
      array (
      ),
    ),
  ),
  'type' => 'Error',
)
[2016-11-19 10:49:12], debug -> Exception:array (
  'code' => 101,
  'line' => 121,
  'file' => 'E:\\Dev\\cms\\library\\Router\\Router.php',
  'message' => '找不到指定的控制器:Index/Index',
  'trace' => 
  array (
    0 => 
    array (
      'file' => 'E:\\Dev\\cms\\public\\index.php',
      'line' => 13,
      'function' => 'dispatch',
      'class' => 'Library\\Router\\router',
      'type' => '->',
      'args' => 
      array (
      ),
    ),
  ),
  'type' => 'Error',
)
[2016-11-19 10:50:18], debug -> Exception:array (
  'code' => 101,
  'line' => 121,
  'file' => 'E:\\Dev\\cms\\library\\Router\\Router.php',
  'message' => '找不到指定的控制器:Index/Index',
  'trace' => 
  array (
    0 => 
    array (
      'file' => 'E:\\Dev\\cms\\public\\index.php',
      'line' => 13,
      'function' => 'dispatch',
      'class' => 'Library\\Router\\router',
      'type' => '->',
      'args' => 
      array (
      ),
    ),
  ),
  'type' => 'Error',
)
[2016-11-19 10:54:40], debug -> Exception:array (
  'code' => 101,
  'line' => 121,
  'file' => 'E:\\Dev\\cms\\library\\Router\\Router.php',
  'message' => '找不到指定的控制器:Index/Index',
  'trace' => 
  array (
    0 => 
    array (
      'file' => 'E:\\Dev\\cms\\public\\index.php',
      'line' => 13,
      'function' => 'dispatch',
      'class' => 'Library\\Router\\router',
      'type' => '->',
      'args' => 
      array (
      ),
    ),
  ),
  'type' => 'Error',
)
[2016-11-19 10:54:41], debug -> Exception:array (
  'code' => 101,
  'line' => 121,
  'file' => 'E:\\Dev\\cms\\library\\Router\\Router.php',
  'message' => '找不到指定的控制器:Index/Index',
  'trace' => 
  array (
    0 => 
    array (
      'file' => 'E:\\Dev\\cms\\public\\index.php',
      'line' => 13,
      'function' => 'dispatch',
      'class' => 'Library\\Router\\router',
      'type' => '->',
      'args' => 
      array (
      ),
    ),
  ),
  'type' => 'Error',
)
[2016-11-19 10:54:42], debug -> Exception:array (
  'code' => 101,
  'line' => 121,
  'file' => 'E:\\Dev\\cms\\library\\Router\\Router.php',
  'message' => '找不到指定的控制器:Index/Index',
  'trace' => 
  array (
    0 => 
    array (
      'file' => 'E:\\Dev\\cms\\public\\index.php',
      'line' => 13,
      'function' => 'dispatch',
      'class' => 'Library\\Router\\router',
      'type' => '->',
      'args' => 
      array (
      ),
    ),
  ),
  'type' => 'Error',
)
[2016-11-19 10:55:49], debug -> Exception:array (
  'code' => 101,
  'line' => 121,
  'file' => 'E:\\Dev\\cms\\library\\Router\\Router.php',
  'message' => '找不到指定的控制器:Index/Index',
  'trace' => 
  array (
    0 => 
    array (
      'file' => 'E:\\Dev\\cms\\public\\index.php',
      'line' => 13,
      'function' => 'dispatch',
      'class' => 'Library\\Router\\router',
      'type' => '->',
      'args' => 
      array (
      ),
    ),
  ),
  'type' => 'Error',
)
[2016-11-19 10:55:49], debug -> Exception:array (
  'code' => 101,
  'line' => 121,
  'file' => 'E:\\Dev\\cms\\library\\Router\\Router.php',
  'message' => '找不到指定的控制器:Index/Index',
  'trace' => 
  array (
    0 => 
    array (
      'file' => 'E:\\Dev\\cms\\public\\index.php',
      'line' => 13,
      'function' => 'dispatch',
      'class' => 'Library\\Router\\router',
      'type' => '->',
      'args' => 
      array (
      ),
    ),
  ),
  'type' => 'Error',
)
[2016-11-19 10:57:05], debug -> Exception:array (
  'code' => 101,
  'line' => 121,
  'file' => 'E:\\Dev\\cms\\library\\Router\\Router.php',
  'message' => '找不到指定的控制器:Index/Index',
  'trace' => 
  array (
    0 => 
    array (
      'file' => 'E:\\Dev\\cms\\public\\index.php',
      'line' => 13,
      'function' => 'dispatch',
      'class' => 'Library\\Router\\router',
      'type' => '->',
      'args' => 
      array (
      ),
    ),
  ),
  'type' => 'Error',
)
[2016-11-19 10:57:10], debug -> Exception:array (
  'code' => 101,
  'line' => 121,
  'file' => 'E:\\Dev\\cms\\library\\Router\\Router.php',
  'message' => '找不到指定的控制器:Index/Index',
  'trace' => 
  array (
    0 => 
    array (
      'file' => 'E:\\Dev\\cms\\public\\index.php',
      'line' => 13,
      'function' => 'dispatch',
      'class' => 'Library\\Router\\router',
      'type' => '->',
      'args' => 
      array (
      ),
    ),
  ),
  'type' => 'Error',
)
[2016-11-19 10:57:29], debug -> Exception:array (
  'code' => 101,
  'line' => 121,
  'file' => 'E:\\Dev\\cms\\library\\Router\\Router.php',
  'message' => '找不到指定的控制器:Index/Index',
  'trace' => 
  array (
    0 => 
    array (
      'file' => 'E:\\Dev\\cms\\public\\index.php',
      'line' => 13,
      'function' => 'dispatch',
      'class' => 'Library\\Router\\router',
      'type' => '->',
      'args' => 
      array (
      ),
    ),
  ),
  'type' => 'Error',
)
[2016-11-19 10:57:32], debug -> Exception:array (
  'code' => 101,
  'line' => 121,
  'file' => 'E:\\Dev\\cms\\library\\Router\\Router.php',
  'message' => '找不到指定的控制器:Index/Index',
  'trace' => 
  array (
    0 => 
    array (
      'file' => 'E:\\Dev\\cms\\public\\index.php',
      'line' => 13,
      'function' => 'dispatch',
      'class' => 'Library\\Router\\router',
      'type' => '->',
      'args' => 
      array (
      ),
    ),
  ),
  'type' => 'Error',
)
[2016-11-19 10:57:35], debug -> Exception:array (
  'code' => 101,
  'line' => 121,
  'file' => 'E:\\Dev\\cms\\library\\Router\\Router.php',
  'message' => '找不到指定的控制器:Index/Index',
  'trace' => 
  array (
    0 => 
    array (
      'file' => 'E:\\Dev\\cms\\public\\index.php',
      'line' => 13,
      'function' => 'dispatch',
      'class' => 'Library\\Router\\router',
      'type' => '->',
      'args' => 
      array (
      ),
    ),
  ),
  'type' => 'Error',
)
[2016-11-19 10:57:37], debug -> Exception:array (
  'code' => 101,
  'line' => 121,
  'file' => 'E:\\Dev\\cms\\library\\Router\\Router.php',
  'message' => '找不到指定的控制器:Index/Index',
  'trace' => 
  array (
    0 => 
    array (
      'file' => 'E:\\Dev\\cms\\public\\index.php',
      'line' => 13,
      'function' => 'dispatch',
      'class' => 'Library\\Router\\router',
      'type' => '->',
      'args' => 
      array (
      ),
    ),
  ),
  'type' => 'Error',
)
[2016-11-19 10:57:40], debug -> Exception:array (
  'code' => 101,
  'line' => 121,
  'file' => 'E:\\Dev\\cms\\library\\Router\\Router.php',
  'message' => '找不到指定的控制器:Index/Index',
  'trace' => 
  array (
    0 => 
    array (
      'file' => 'E:\\Dev\\cms\\public\\index.php',
      'line' => 13,
      'function' => 'dispatch',
      'class' => 'Library\\Router\\router',
      'type' => '->',
      'args' => 
      array (
      ),
    ),
  ),
  'type' => 'Error',
)
[2016-11-19 10:57:44], debug -> Exception:array (
  'code' => 101,
  'line' => 121,
  'file' => 'E:\\Dev\\cms\\library\\Router\\Router.php',
  'message' => '找不到指定的控制器:Index/Index',
  'trace' => 
  array (
    0 => 
    array (
      'file' => 'E:\\Dev\\cms\\public\\index.php',
      'line' => 13,
      'function' => 'dispatch',
      'class' => 'Library\\Router\\router',
      'type' => '->',
      'args' => 
      array (
      ),
    ),
  ),
  'type' => 'Error',
)
[2016-11-19 10:57:53], debug -> Exception:array (
  'code' => 101,
  'line' => 121,
  'file' => 'E:\\Dev\\cms\\library\\Router\\Router.php',
  'message' => '找不到指定的控制器:Index/Index',
  'trace' => 
  array (
    0 => 
    array (
      'file' => 'E:\\Dev\\cms\\public\\index.php',
      'line' => 13,
      'function' => 'dispatch',
      'class' => 'Library\\Router\\router',
      'type' => '->',
      'args' => 
      array (
      ),
    ),
  ),
  'type' => 'Error',
)
[2016-11-19 10:58:06], debug -> Exception:array (
  'code' => 101,
  'line' => 121,
  'file' => 'E:\\Dev\\cms\\library\\Router\\Router.php',
  'message' => '找不到指定的控制器:Index/Index',
  'trace' => 
  array (
    0 => 
    array (
      'file' => 'E:\\Dev\\cms\\public\\index.php',
      'line' => 13,
      'function' => 'dispatch',
      'class' => 'Library\\Router\\router',
      'type' => '->',
      'args' => 
      array (
      ),
    ),
  ),
  'type' => 'Error',
)
[2016-11-19 10:58:53], debug -> Exception:array (
  'code' => 101,
  'line' => 121,
  'file' => 'E:\\Dev\\cms\\library\\Router\\Router.php',
  'message' => '找不到指定的控制器:Index/Index',
  'trace' => 
  array (
    0 => 
    array (
      'file' => 'E:\\Dev\\cms\\public\\index.php',
      'line' => 13,
      'function' => 'dispatch',
      'class' => 'Library\\Router\\router',
      'type' => '->',
      'args' => 
      array (
      ),
    ),
  ),
  'type' => 'Error',
)
[2016-11-19 11:04:28], debug -> Exception:array (
  'code' => 101,
  'line' => 121,
  'file' => 'E:\\Dev\\cms\\library\\Router\\Router.php',
  'message' => '找不到指定的控制器:Index/Index',
  'trace' => 
  array (
    0 => 
    array (
      'file' => 'E:\\Dev\\cms\\public\\index.php',
      'line' => 13,
      'function' => 'dispatch',
      'class' => 'Library\\Router\\router',
      'type' => '->',
      'args' => 
      array (
      ),
    ),
  ),
  'type' => 'Error',
)
[2016-11-19 11:04:43], debug -> Exception:array (
  'code' => 101,
  'line' => 121,
  'file' => 'E:\\Dev\\cms\\library\\Router\\Router.php',
  'message' => '找不到指定的控制器:Index/Index',
  'trace' => 
  array (
    0 => 
    array (
      'file' => 'E:\\Dev\\cms\\public\\index.php',
      'line' => 13,
      'function' => 'dispatch',
      'class' => 'Library\\Router\\router',
      'type' => '->',
      'args' => 
      array (
      ),
    ),
  ),
  'type' => 'Error',
)
[2016-11-19 11:05:09], debug -> Exception:array (
  'code' => 101,
  'line' => 121,
  'file' => 'E:\\Dev\\cms\\library\\Router\\Router.php',
  'message' => '找不到指定的控制器:Index/Index',
  'trace' => 
  array (
    0 => 
    array (
      'file' => 'E:\\Dev\\cms\\public\\index.php',
      'line' => 13,
      'function' => 'dispatch',
      'class' => 'Library\\Router\\router',
      'type' => '->',
      'args' => 
      array (
      ),
    ),
  ),
  'type' => 'Error',
)
[2016-11-19 11:05:29], debug -> Exception:array (
  'code' => 101,
  'line' => 121,
  'file' => 'E:\\Dev\\cms\\library\\Router\\Router.php',
  'message' => '找不到指定的控制器:Index/Index',
  'trace' => 
  array (
    0 => 
    array (
      'file' => 'E:\\Dev\\cms\\public\\index.php',
      'line' => 13,
      'function' => 'dispatch',
      'class' => 'Library\\Router\\router',
      'type' => '->',
      'args' => 
      array (
      ),
    ),
  ),
  'type' => 'Error',
)
[2016-11-19 11:06:22], debug -> Exception:array (
  'code' => 101,
  'line' => 121,
  'file' => 'E:\\Dev\\cms\\library\\Router\\Router.php',
  'message' => '找不到指定的控制器:Index/Index',
  'trace' => 
  array (
    0 => 
    array (
      'file' => 'E:\\Dev\\cms\\public\\index.php',
      'line' => 13,
      'function' => 'dispatch',
      'class' => 'Library\\Router\\router',
      'type' => '->',
      'args' => 
      array (
      ),
    ),
  ),
  'type' => 'Error',
)
[2016-11-19 11:06:34], debug -> Exception:array (
  'code' => 101,
  'line' => 121,
  'file' => 'E:\\Dev\\cms\\library\\Router\\Router.php',
  'message' => '找不到指定的控制器:Index/Index',
  'trace' => 
  array (
    0 => 
    array (
      'file' => 'E:\\Dev\\cms\\public\\index.php',
      'line' => 13,
      'function' => 'dispatch',
      'class' => 'Library\\Router\\router',
      'type' => '->',
      'args' => 
      array (
      ),
    ),
  ),
  'type' => 'Error',
)
[2016-11-19 11:08:12], debug -> Exception:array (
  'code' => 101,
  'line' => 121,
  'file' => 'E:\\Dev\\cms\\library\\Router\\Router.php',
  'message' => '找不到指定的控制器:Index/Index',
  'trace' => 
  array (
    0 => 
    array (
      'file' => 'E:\\Dev\\cms\\public\\index.php',
      'line' => 13,
      'function' => 'dispatch',
      'class' => 'Library\\Router\\router',
      'type' => '->',
      'args' => 
      array (
      ),
    ),
  ),
  'type' => 'Error',
)
[2016-11-19 11:08:53], debug -> Exception:array (
  'code' => 101,
  'line' => 121,
  'file' => 'E:\\Dev\\cms\\library\\Router\\Router.php',
  'message' => '找不到指定的控制器:Index/Index',
  'trace' => 
  array (
    0 => 
    array (
      'file' => 'E:\\Dev\\cms\\public\\index.php',
      'line' => 13,
      'function' => 'dispatch',
      'class' => 'Library\\Router\\router',
      'type' => '->',
      'args' => 
      array (
      ),
    ),
  ),
  'type' => 'Error',
)
[2016-11-19 11:08:54], debug -> Exception:array (
  'code' => 101,
  'line' => 121,
  'file' => 'E:\\Dev\\cms\\library\\Router\\Router.php',
  'message' => '找不到指定的控制器:Index/Index',
  'trace' => 
  array (
    0 => 
    array (
      'file' => 'E:\\Dev\\cms\\public\\index.php',
      'line' => 13,
      'function' => 'dispatch',
      'class' => 'Library\\Router\\router',
      'type' => '->',
      'args' => 
      array (
      ),
    ),
  ),
  'type' => 'Error',
)
[2016-11-19 11:11:14], debug -> Exception:array (
  'code' => 101,
  'line' => 121,
  'file' => 'E:\\Dev\\cms\\library\\Router\\Router.php',
  'message' => '找不到指定的控制器:Index/Index',
  'trace' => 
  array (
    0 => 
    array (
      'file' => 'E:\\Dev\\cms\\public\\index.php',
      'line' => 13,
      'function' => 'dispatch',
      'class' => 'Library\\Router\\router',
      'type' => '->',
      'args' => 
      array (
      ),
    ),
  ),
  'type' => 'Error',
)
[2016-11-19 11:14:07], debug -> Exception:array (
  'code' => 101,
  'line' => 121,
  'file' => 'E:\\Dev\\cms\\library\\Router\\Router.php',
  'message' => '找不到指定的控制器:Index/Index',
  'trace' => 
  array (
    0 => 
    array (
      'file' => 'E:\\Dev\\cms\\public\\index.php',
      'line' => 13,
      'function' => 'dispatch',
      'class' => 'Library\\Router\\router',
      'type' => '->',
      'args' => 
      array (
      ),
    ),
  ),
  'type' => 'Error',
)
[2016-11-19 11:14:53], debug -> Exception:array (
  'code' => 101,
  'line' => 121,
  'file' => 'E:\\Dev\\cms\\library\\Router\\Router.php',
  'message' => '找不到指定的控制器:Index/Index',
  'trace' => 
  array (
    0 => 
    array (
      'file' => 'E:\\Dev\\cms\\public\\index.php',
      'line' => 13,
      'function' => 'dispatch',
      'class' => 'Library\\Router\\router',
      'type' => '->',
      'args' => 
      array (
      ),
    ),
  ),
  'type' => 'Error',
)
[2016-11-19 11:15:49], debug -> Exception:array (
  'code' => 101,
  'line' => 121,
  'file' => 'E:\\Dev\\cms\\library\\Router\\Router.php',
  'message' => '找不到指定的控制器:Index/Index',
  'trace' => 
  array (
    0 => 
    array (
      'file' => 'E:\\Dev\\cms\\public\\index.php',
      'line' => 13,
      'function' => 'dispatch',
      'class' => 'Library\\Router\\router',
      'type' => '->',
      'args' => 
      array (
      ),
    ),
  ),
  'type' => 'Error',
)
[2016-11-19 11:16:43], debug -> Exception:array (
  'code' => 101,
  'line' => 121,
  'file' => 'E:\\Dev\\cms\\library\\Router\\Router.php',
  'message' => '找不到指定的控制器:Index/Index',
  'trace' => 
  array (
    0 => 
    array (
      'file' => 'E:\\Dev\\cms\\public\\index.php',
      'line' => 13,
      'function' => 'dispatch',
      'class' => 'Library\\Router\\router',
      'type' => '->',
      'args' => 
      array (
      ),
    ),
  ),
  'type' => 'Error',
)
[2016-11-19 11:17:32], debug -> Exception:array (
  'code' => 101,
  'line' => 121,
  'file' => 'E:\\Dev\\cms\\library\\Router\\Router.php',
  'message' => '找不到指定的控制器:Index/Index',
  'trace' => 
  array (
    0 => 
    array (
      'file' => 'E:\\Dev\\cms\\public\\index.php',
      'line' => 13,
      'function' => 'dispatch',
      'class' => 'Library\\Router\\router',
      'type' => '->',
      'args' => 
      array (
      ),
    ),
  ),
  'type' => 'Error',
)
[2016-11-19 11:22:05], debug -> Exception:array (
  'code' => 101,
  'line' => 121,
  'file' => 'E:\\Dev\\cms\\library\\Router\\Router.php',
  'message' => '找不到指定的控制器:Index/Index',
  'trace' => 
  array (
    0 => 
    array (
      'file' => 'E:\\Dev\\cms\\public\\index.php',
      'line' => 13,
      'function' => 'dispatch',
      'class' => 'Library\\Router\\router',
      'type' => '->',
      'args' => 
      array (
      ),
    ),
  ),
  'type' => 'Error',
)
[2016-11-19 11:22:09], debug -> Exception:array (
  'code' => 101,
  'line' => 121,
  'file' => 'E:\\Dev\\cms\\library\\Router\\Router.php',
  'message' => '找不到指定的控制器:Index/Index',
  'trace' => 
  array (
    0 => 
    array (
      'file' => 'E:\\Dev\\cms\\public\\index.php',
      'line' => 13,
      'function' => 'dispatch',
      'class' => 'Library\\Router\\router',
      'type' => '->',
      'args' => 
      array (
      ),
    ),
  ),
  'type' => 'Error',
)
[2016-11-19 11:22:10], debug -> Exception:array (
  'code' => 101,
  'line' => 121,
  'file' => 'E:\\Dev\\cms\\library\\Router\\Router.php',
  'message' => '找不到指定的控制器:Index/Index',
  'trace' => 
  array (
    0 => 
    array (
      'file' => 'E:\\Dev\\cms\\public\\index.php',
      'line' => 13,
      'function' => 'dispatch',
      'class' => 'Library\\Router\\router',
      'type' => '->',
      'args' => 
      array (
      ),
    ),
  ),
  'type' => 'Error',
)
[2016-11-19 11:24:49], debug -> Exception:array (
  'code' => 101,
  'line' => 121,
  'file' => 'E:\\Dev\\cms\\library\\Router\\Router.php',
  'message' => '找不到指定的控制器:Index/Index',
  'trace' => 
  array (
    0 => 
    array (
      'file' => 'E:\\Dev\\cms\\public\\index.php',
      'line' => 13,
      'function' => 'dispatch',
      'class' => 'Library\\Router\\router',
      'type' => '->',
      'args' => 
      array (
      ),
    ),
  ),
  'type' => 'Error',
)
[2016-11-19 11:26:13], debug -> Exception:array (
  'code' => 101,
  'line' => 121,
  'file' => 'E:\\Dev\\cms\\library\\Router\\Router.php',
  'message' => '找不到指定的控制器:Index/Index',
  'trace' => 
  array (
    0 => 
    array (
      'file' => 'E:\\Dev\\cms\\public\\index.php',
      'line' => 13,
      'function' => 'dispatch',
      'class' => 'Library\\Router\\router',
      'type' => '->',
      'args' => 
      array (
      ),
    ),
  ),
  'type' => 'Error',
)
[2016-11-19 11:26:15], debug -> Exception:array (
  'code' => 101,
  'line' => 121,
  'file' => 'E:\\Dev\\cms\\library\\Router\\Router.php',
  'message' => '找不到指定的控制器:Index/Index',
  'trace' => 
  array (
    0 => 
    array (
      'file' => 'E:\\Dev\\cms\\public\\index.php',
      'line' => 13,
      'function' => 'dispatch',
      'class' => 'Library\\Router\\router',
      'type' => '->',
      'args' => 
      array (
      ),
    ),
  ),
  'type' => 'Error',
)
[2016-11-19 11:26:18], debug -> Exception:array (
  'code' => 101,
  'line' => 121,
  'file' => 'E:\\Dev\\cms\\library\\Router\\Router.php',
  'message' => '找不到指定的控制器:Index/Index',
  'trace' => 
  array (
    0 => 
    array (
      'file' => 'E:\\Dev\\cms\\public\\index.php',
      'line' => 13,
      'function' => 'dispatch',
      'class' => 'Library\\Router\\router',
      'type' => '->',
      'args' => 
      array (
      ),
    ),
  ),
  'type' => 'Error',
)
[2016-11-19 11:26:20], debug -> Exception:array (
  'code' => 101,
  'line' => 121,
  'file' => 'E:\\Dev\\cms\\library\\Router\\Router.php',
  'message' => '找不到指定的控制器:Index/Index',
  'trace' => 
  array (
    0 => 
    array (
      'file' => 'E:\\Dev\\cms\\public\\index.php',
      'line' => 13,
      'function' => 'dispatch',
      'class' => 'Library\\Router\\router',
      'type' => '->',
      'args' => 
      array (
      ),
    ),
  ),
  'type' => 'Error',
)
[2016-11-19 11:26:24], debug -> Exception:array (
  'code' => 101,
  'line' => 121,
  'file' => 'E:\\Dev\\cms\\library\\Router\\Router.php',
  'message' => '找不到指定的控制器:Index/Index',
  'trace' => 
  array (
    0 => 
    array (
      'file' => 'E:\\Dev\\cms\\public\\index.php',
      'line' => 13,
      'function' => 'dispatch',
      'class' => 'Library\\Router\\router',
      'type' => '->',
      'args' => 
      array (
      ),
    ),
  ),
  'type' => 'Error',
)
[2016-11-19 11:26:26], debug -> Exception:array (
  'code' => 101,
  'line' => 121,
  'file' => 'E:\\Dev\\cms\\library\\Router\\Router.php',
  'message' => '找不到指定的控制器:Index/Index',
  'trace' => 
  array (
    0 => 
    array (
      'file' => 'E:\\Dev\\cms\\public\\index.php',
      'line' => 13,
      'function' => 'dispatch',
      'class' => 'Library\\Router\\router',
      'type' => '->',
      'args' => 
      array (
      ),
    ),
  ),
  'type' => 'Error',
)
[2016-11-19 11:26:33], debug -> Exception:array (
  'code' => 101,
  'line' => 121,
  'file' => 'E:\\Dev\\cms\\library\\Router\\Router.php',
  'message' => '找不到指定的控制器:Index/Index',
  'trace' => 
  array (
    0 => 
    array (
      'file' => 'E:\\Dev\\cms\\public\\index.php',
      'line' => 13,
      'function' => 'dispatch',
      'class' => 'Library\\Router\\router',
      'type' => '->',
      'args' => 
      array (
      ),
    ),
  ),
  'type' => 'Error',
)
[2016-11-19 11:26:47], debug -> Exception:array (
  'code' => 101,
  'line' => 121,
  'file' => 'E:\\Dev\\cms\\library\\Router\\Router.php',
  'message' => '找不到指定的控制器:Index/Index',
  'trace' => 
  array (
    0 => 
    array (
      'file' => 'E:\\Dev\\cms\\public\\index.php',
      'line' => 13,
      'function' => 'dispatch',
      'class' => 'Library\\Router\\router',
      'type' => '->',
      'args' => 
      array (
      ),
    ),
  ),
  'type' => 'Error',
)
[2016-11-19 11:26:50], debug -> Exception:array (
  'code' => 101,
  'line' => 121,
  'file' => 'E:\\Dev\\cms\\library\\Router\\Router.php',
  'message' => '找不到指定的控制器:Index/Index',
  'trace' => 
  array (
    0 => 
    array (
      'file' => 'E:\\Dev\\cms\\public\\index.php',
      'line' => 13,
      'function' => 'dispatch',
      'class' => 'Library\\Router\\router',
      'type' => '->',
      'args' => 
      array (
      ),
    ),
  ),
  'type' => 'Error',
)
[2016-11-19 11:27:01], debug -> Exception:array (
  'code' => 101,
  'line' => 121,
  'file' => 'E:\\Dev\\cms\\library\\Router\\Router.php',
  'message' => '找不到指定的控制器:Index/Index',
  'trace' => 
  array (
    0 => 
    array (
      'file' => 'E:\\Dev\\cms\\public\\index.php',
      'line' => 13,
      'function' => 'dispatch',
      'class' => 'Library\\Router\\router',
      'type' => '->',
      'args' => 
      array (
      ),
    ),
  ),
  'type' => 'Error',
)
[2016-11-19 11:27:38], debug -> Exception:array (
  'code' => 101,
  'line' => 121,
  'file' => 'E:\\Dev\\cms\\library\\Router\\Router.php',
  'message' => '找不到指定的控制器:Index/Index',
  'trace' => 
  array (
    0 => 
    array (
      'file' => 'E:\\Dev\\cms\\public\\index.php',
      'line' => 13,
      'function' => 'dispatch',
      'class' => 'Library\\Router\\router',
      'type' => '->',
      'args' => 
      array (
      ),
    ),
  ),
  'type' => 'Error',
)
[2016-11-19 11:28:40], debug -> Exception:array (
  'code' => 101,
  'line' => 121,
  'file' => 'E:\\Dev\\cms\\library\\Router\\Router.php',
  'message' => '找不到指定的控制器:Index/Index',
  'trace' => 
  array (
    0 => 
    array (
      'file' => 'E:\\Dev\\cms\\public\\index.php',
      'line' => 13,
      'function' => 'dispatch',
      'class' => 'Library\\Router\\router',
      'type' => '->',
      'args' => 
      array (
      ),
    ),
  ),
  'type' => 'Error',
)
[2016-11-19 11:29:06], debug -> Exception:array (
  'code' => 101,
  'line' => 121,
  'file' => 'E:\\Dev\\cms\\library\\Router\\Router.php',
  'message' => '找不到指定的控制器:Index/Index',
  'trace' => 
  array (
    0 => 
    array (
      'file' => 'E:\\Dev\\cms\\public\\index.php',
      'line' => 13,
      'function' => 'dispatch',
      'class' => 'Library\\Router\\router',
      'type' => '->',
      'args' => 
      array (
      ),
    ),
  ),
  'type' => 'Error',
)
[2016-11-19 11:29:09], debug -> Exception:array (
  'code' => 101,
  'line' => 121,
  'file' => 'E:\\Dev\\cms\\library\\Router\\Router.php',
  'message' => '找不到指定的控制器:Index/Index',
  'trace' => 
  array (
    0 => 
    array (
      'file' => 'E:\\Dev\\cms\\public\\index.php',
      'line' => 13,
      'function' => 'dispatch',
      'class' => 'Library\\Router\\router',
      'type' => '->',
      'args' => 
      array (
      ),
    ),
  ),
  'type' => 'Error',
)
[2016-11-19 11:29:48], debug -> Exception:array (
  'code' => 101,
  'line' => 121,
  'file' => 'E:\\Dev\\cms\\library\\Router\\Router.php',
  'message' => '找不到指定的控制器:Index/Index',
  'trace' => 
  array (
    0 => 
    array (
      'file' => 'E:\\Dev\\cms\\public\\index.php',
      'line' => 13,
      'function' => 'dispatch',
      'class' => 'Library\\Router\\router',
      'type' => '->',
      'args' => 
      array (
      ),
    ),
  ),
  'type' => 'Error',
)
[2016-11-19 11:29:49], debug -> Exception:array (
  'code' => 101,
  'line' => 121,
  'file' => 'E:\\Dev\\cms\\library\\Router\\Router.php',
  'message' => '找不到指定的控制器:Index/Index',
  'trace' => 
  array (
    0 => 
    array (
      'file' => 'E:\\Dev\\cms\\public\\index.php',
      'line' => 13,
      'function' => 'dispatch',
      'class' => 'Library\\Router\\router',
      'type' => '->',
      'args' => 
      array (
      ),
    ),
  ),
  'type' => 'Error',
)
[2016-11-19 11:30:53], debug -> Exception:array (
  'code' => 101,
  'line' => 121,
  'file' => 'E:\\Dev\\cms\\library\\Router\\Router.php',
  'message' => '找不到指定的控制器:Index/Index',
  'trace' => 
  array (
    0 => 
    array (
      'file' => 'E:\\Dev\\cms\\public\\index.php',
      'line' => 13,
      'function' => 'dispatch',
      'class' => 'Library\\Router\\router',
      'type' => '->',
      'args' => 
      array (
      ),
    ),
  ),
  'type' => 'Error',
)
[2016-11-19 11:30:56], debug -> Exception:array (
  'code' => 101,
  'line' => 121,
  'file' => 'E:\\Dev\\cms\\library\\Router\\Router.php',
  'message' => '找不到指定的控制器:Index/Index',
  'trace' => 
  array (
    0 => 
    array (
      'file' => 'E:\\Dev\\cms\\public\\index.php',
      'line' => 13,
      'function' => 'dispatch',
      'class' => 'Library\\Router\\router',
      'type' => '->',
      'args' => 
      array (
      ),
    ),
  ),
  'type' => 'Error',
)
[2016-11-19 11:33:07], debug -> Exception:array (
  'code' => 101,
  'line' => 121,
  'file' => 'E:\\Dev\\cms\\library\\Router\\Router.php',
  'message' => '找不到指定的控制器:Index/Index',
  'trace' => 
  array (
    0 => 
    array (
      'file' => 'E:\\Dev\\cms\\public\\index.php',
      'line' => 13,
      'function' => 'dispatch',
      'class' => 'Library\\Router\\router',
      'type' => '->',
      'args' => 
      array (
      ),
    ),
  ),
  'type' => 'Error',
)
[2016-11-19 11:33:11], debug -> Exception:array (
  'code' => 101,
  'line' => 121,
  'file' => 'E:\\Dev\\cms\\library\\Router\\Router.php',
  'message' => '找不到指定的控制器:Index/Index',
  'trace' => 
  array (
    0 => 
    array (
      'file' => 'E:\\Dev\\cms\\public\\index.php',
      'line' => 13,
      'function' => 'dispatch',
      'class' => 'Library\\Router\\router',
      'type' => '->',
      'args' => 
      array (
      ),
    ),
  ),
  'type' => 'Error',
)
[2016-11-19 11:33:14], debug -> Exception:array (
  'code' => 101,
  'line' => 121,
  'file' => 'E:\\Dev\\cms\\library\\Router\\Router.php',
  'message' => '找不到指定的控制器:Index/Index',
  'trace' => 
  array (
    0 => 
    array (
      'file' => 'E:\\Dev\\cms\\public\\index.php',
      'line' => 13,
      'function' => 'dispatch',
      'class' => 'Library\\Router\\router',
      'type' => '->',
      'args' => 
      array (
      ),
    ),
  ),
  'type' => 'Error',
)
[2016-11-19 11:33:39], debug -> Exception:array (
  'code' => 101,
  'line' => 121,
  'file' => 'E:\\Dev\\cms\\library\\Router\\Router.php',
  'message' => '找不到指定的控制器:Index/Index',
  'trace' => 
  array (
    0 => 
    array (
      'file' => 'E:\\Dev\\cms\\public\\index.php',
      'line' => 13,
      'function' => 'dispatch',
      'class' => 'Library\\Router\\router',
      'type' => '->',
      'args' => 
      array (
      ),
    ),
  ),
  'type' => 'Error',
)
[2016-11-19 11:33:41], debug -> Exception:array (
  'code' => 101,
  'line' => 121,
  'file' => 'E:\\Dev\\cms\\library\\Router\\Router.php',
  'message' => '找不到指定的控制器:Index/Index',
  'trace' => 
  array (
    0 => 
    array (
      'file' => 'E:\\Dev\\cms\\public\\index.php',
      'line' => 13,
      'function' => 'dispatch',
      'class' => 'Library\\Router\\router',
      'type' => '->',
      'args' => 
      array (
      ),
    ),
  ),
  'type' => 'Error',
)
[2016-11-19 11:33:51], debug -> Exception:array (
  'code' => 101,
  'line' => 121,
  'file' => 'E:\\Dev\\cms\\library\\Router\\Router.php',
  'message' => '找不到指定的控制器:Index/Index',
  'trace' => 
  array (
    0 => 
    array (
      'file' => 'E:\\Dev\\cms\\public\\index.php',
      'line' => 13,
      'function' => 'dispatch',
      'class' => 'Library\\Router\\router',
      'type' => '->',
      'args' => 
      array (
      ),
    ),
  ),
  'type' => 'Error',
)
[2016-11-19 11:34:06], debug -> Exception:array (
  'code' => 101,
  'line' => 121,
  'file' => 'E:\\Dev\\cms\\library\\Router\\Router.php',
  'message' => '找不到指定的控制器:Index/Index',
  'trace' => 
  array (
    0 => 
    array (
      'file' => 'E:\\Dev\\cms\\public\\index.php',
      'line' => 13,
      'function' => 'dispatch',
      'class' => 'Library\\Router\\router',
      'type' => '->',
      'args' => 
      array (
      ),
    ),
  ),
  'type' => 'Error',
)
[2016-11-19 11:34:08], debug -> Exception:array (
  'code' => 101,
  'line' => 121,
  'file' => 'E:\\Dev\\cms\\library\\Router\\Router.php',
  'message' => '找不到指定的控制器:Index/Index',
  'trace' => 
  array (
    0 => 
    array (
      'file' => 'E:\\Dev\\cms\\public\\index.php',
      'line' => 13,
      'function' => 'dispatch',
      'class' => 'Library\\Router\\router',
      'type' => '->',
      'args' => 
      array (
      ),
    ),
  ),
  'type' => 'Error',
)
[2016-11-19 11:34:33], debug -> Exception:array (
  'code' => 101,
  'line' => 121,
  'file' => 'E:\\Dev\\cms\\library\\Router\\Router.php',
  'message' => '找不到指定的控制器:Index/Index',
  'trace' => 
  array (
    0 => 
    array (
      'file' => 'E:\\Dev\\cms\\public\\index.php',
      'line' => 13,
      'function' => 'dispatch',
      'class' => 'Library\\Router\\router',
      'type' => '->',
      'args' => 
      array (
      ),
    ),
  ),
  'type' => 'Error',
)
[2016-11-19 11:34:34], debug -> Exception:array (
  'code' => 101,
  'line' => 121,
  'file' => 'E:\\Dev\\cms\\library\\Router\\Router.php',
  'message' => '找不到指定的控制器:Index/Index',
  'trace' => 
  array (
    0 => 
    array (
      'file' => 'E:\\Dev\\cms\\public\\index.php',
      'line' => 13,
      'function' => 'dispatch',
      'class' => 'Library\\Router\\router',
      'type' => '->',
      'args' => 
      array (
      ),
    ),
  ),
  'type' => 'Error',
)
[2016-11-19 11:34:35], debug -> Exception:array (
  'code' => 101,
  'line' => 121,
  'file' => 'E:\\Dev\\cms\\library\\Router\\Router.php',
  'message' => '找不到指定的控制器:Index/Index',
  'trace' => 
  array (
    0 => 
    array (
      'file' => 'E:\\Dev\\cms\\public\\index.php',
      'line' => 13,
      'function' => 'dispatch',
      'class' => 'Library\\Router\\router',
      'type' => '->',
      'args' => 
      array (
      ),
    ),
  ),
  'type' => 'Error',
)
[2016-11-19 11:35:51], debug -> Exception:array (
  'code' => 101,
  'line' => 121,
  'file' => 'E:\\Dev\\cms\\library\\Router\\Router.php',
  'message' => '找不到指定的控制器:Index/Index',
  'trace' => 
  array (
    0 => 
    array (
      'file' => 'E:\\Dev\\cms\\public\\index.php',
      'line' => 13,
      'function' => 'dispatch',
      'class' => 'Library\\Router\\router',
      'type' => '->',
      'args' => 
      array (
      ),
    ),
  ),
  'type' => 'Error',
)
[2016-11-19 11:35:52], debug -> Exception:array (
  'code' => 101,
  'line' => 121,
  'file' => 'E:\\Dev\\cms\\library\\Router\\Router.php',
  'message' => '找不到指定的控制器:Index/Index',
  'trace' => 
  array (
    0 => 
    array (
      'file' => 'E:\\Dev\\cms\\public\\index.php',
      'line' => 13,
      'function' => 'dispatch',
      'class' => 'Library\\Router\\router',
      'type' => '->',
      'args' => 
      array (
      ),
    ),
  ),
  'type' => 'Error',
)
[2016-11-19 11:35:54], debug -> Exception:array (
  'code' => 101,
  'line' => 121,
  'file' => 'E:\\Dev\\cms\\library\\Router\\Router.php',
  'message' => '找不到指定的控制器:Index/Index',
  'trace' => 
  array (
    0 => 
    array (
      'file' => 'E:\\Dev\\cms\\public\\index.php',
      'line' => 13,
      'function' => 'dispatch',
      'class' => 'Library\\Router\\router',
      'type' => '->',
      'args' => 
      array (
      ),
    ),
  ),
  'type' => 'Error',
)
[2016-11-19 11:35:58], debug -> Exception:array (
  'code' => 101,
  'line' => 121,
  'file' => 'E:\\Dev\\cms\\library\\Router\\Router.php',
  'message' => '找不到指定的控制器:Index/Index',
  'trace' => 
  array (
    0 => 
    array (
      'file' => 'E:\\Dev\\cms\\public\\index.php',
      'line' => 13,
      'function' => 'dispatch',
      'class' => 'Library\\Router\\router',
      'type' => '->',
      'args' => 
      array (
      ),
    ),
  ),
  'type' => 'Error',
)
[2016-11-19 11:36:01], debug -> Exception:array (
  'code' => 101,
  'line' => 121,
  'file' => 'E:\\Dev\\cms\\library\\Router\\Router.php',
  'message' => '找不到指定的控制器:Index/Index',
  'trace' => 
  array (
    0 => 
    array (
      'file' => 'E:\\Dev\\cms\\public\\index.php',
      'line' => 13,
      'function' => 'dispatch',
      'class' => 'Library\\Router\\router',
      'type' => '->',
      'args' => 
      array (
      ),
    ),
  ),
  'type' => 'Error',
)
[2016-11-19 11:36:42], debug -> Exception:array (
  'code' => 101,
  'line' => 121,
  'file' => 'E:\\Dev\\cms\\library\\Router\\Router.php',
  'message' => '找不到指定的控制器:Index/Index',
  'trace' => 
  array (
    0 => 
    array (
      'file' => 'E:\\Dev\\cms\\public\\index.php',
      'line' => 13,
      'function' => 'dispatch',
      'class' => 'Library\\Router\\router',
      'type' => '->',
      'args' => 
      array (
      ),
    ),
  ),
  'type' => 'Error',
)
[2016-11-19 11:36:43], debug -> Exception:array (
  'code' => 101,
  'line' => 121,
  'file' => 'E:\\Dev\\cms\\library\\Router\\Router.php',
  'message' => '找不到指定的控制器:Index/Index',
  'trace' => 
  array (
    0 => 
    array (
      'file' => 'E:\\Dev\\cms\\public\\index.php',
      'line' => 13,
      'function' => 'dispatch',
      'class' => 'Library\\Router\\router',
      'type' => '->',
      'args' => 
      array (
      ),
    ),
  ),
  'type' => 'Error',
)
[2016-11-19 11:36:47], debug -> Exception:array (
  'code' => 101,
  'line' => 121,
  'file' => 'E:\\Dev\\cms\\library\\Router\\Router.php',
  'message' => '找不到指定的控制器:Index/Index',
  'trace' => 
  array (
    0 => 
    array (
      'file' => 'E:\\Dev\\cms\\public\\index.php',
      'line' => 13,
      'function' => 'dispatch',
      'class' => 'Library\\Router\\router',
      'type' => '->',
      'args' => 
      array (
      ),
    ),
  ),
  'type' => 'Error',
)
[2016-11-19 11:37:06], debug -> Exception:array (
  'code' => 101,
  'line' => 121,
  'file' => 'E:\\Dev\\cms\\library\\Router\\Router.php',
  'message' => '找不到指定的控制器:Index/Index',
  'trace' => 
  array (
    0 => 
    array (
      'file' => 'E:\\Dev\\cms\\public\\index.php',
      'line' => 13,
      'function' => 'dispatch',
      'class' => 'Library\\Router\\router',
      'type' => '->',
      'args' => 
      array (
      ),
    ),
  ),
  'type' => 'Error',
)
[2016-11-19 11:38:27], debug -> Exception:array (
  'code' => 101,
  'line' => 121,
  'file' => 'E:\\Dev\\cms\\library\\Router\\Router.php',
  'message' => '找不到指定的控制器:Index/Index',
  'trace' => 
  array (
    0 => 
    array (
      'file' => 'E:\\Dev\\cms\\public\\index.php',
      'line' => 13,
      'function' => 'dispatch',
      'class' => 'Library\\Router\\router',
      'type' => '->',
      'args' => 
      array (
      ),
    ),
  ),
  'type' => 'Error',
)
[2016-11-19 11:39:31], debug -> Exception:array (
  'code' => 101,
  'line' => 121,
  'file' => 'E:\\Dev\\cms\\library\\Router\\Router.php',
  'message' => '找不到指定的控制器:Index/Index',
  'trace' => 
  array (
    0 => 
    array (
      'file' => 'E:\\Dev\\cms\\public\\index.php',
      'line' => 13,
      'function' => 'dispatch',
      'class' => 'Library\\Router\\router',
      'type' => '->',
      'args' => 
      array (
      ),
    ),
  ),
  'type' => 'Error',
)
[2016-11-19 11:39:48], debug -> Exception:array (
  'code' => 101,
  'line' => 121,
  'file' => 'E:\\Dev\\cms\\library\\Router\\Router.php',
  'message' => '找不到指定的控制器:Index/Index',
  'trace' => 
  array (
    0 => 
    array (
      'file' => 'E:\\Dev\\cms\\public\\index.php',
      'line' => 13,
      'function' => 'dispatch',
      'class' => 'Library\\Router\\router',
      'type' => '->',
      'args' => 
      array (
      ),
    ),
  ),
  'type' => 'Error',
)
[2016-11-19 11:40:00], debug -> Exception:array (
  'code' => 101,
  'line' => 121,
  'file' => 'E:\\Dev\\cms\\library\\Router\\Router.php',
  'message' => '找不到指定的控制器:Index/Index',
  'trace' => 
  array (
    0 => 
    array (
      'file' => 'E:\\Dev\\cms\\public\\index.php',
      'line' => 13,
      'function' => 'dispatch',
      'class' => 'Library\\Router\\router',
      'type' => '->',
      'args' => 
      array (
      ),
    ),
  ),
  'type' => 'Error',
)
[2016-11-19 11:40:29], debug -> Exception:array (
  'code' => 101,
  'line' => 121,
  'file' => 'E:\\Dev\\cms\\library\\Router\\Router.php',
  'message' => '找不到指定的控制器:Index/Index',
  'trace' => 
  array (
    0 => 
    array (
      'file' => 'E:\\Dev\\cms\\public\\index.php',
      'line' => 13,
      'function' => 'dispatch',
      'class' => 'Library\\Router\\router',
      'type' => '->',
      'args' => 
      array (
      ),
    ),
  ),
  'type' => 'Error',
)
[2016-11-19 11:40:44], debug -> Exception:array (
  'code' => 101,
  'line' => 121,
  'file' => 'E:\\Dev\\cms\\library\\Router\\Router.php',
  'message' => '找不到指定的控制器:Index/Index',
  'trace' => 
  array (
    0 => 
    array (
      'file' => 'E:\\Dev\\cms\\public\\index.php',
      'line' => 13,
      'function' => 'dispatch',
      'class' => 'Library\\Router\\router',
      'type' => '->',
      'args' => 
      array (
      ),
    ),
  ),
  'type' => 'Error',
)
[2016-11-19 11:40:58], debug -> Exception:array (
  'code' => 101,
  'line' => 121,
  'file' => 'E:\\Dev\\cms\\library\\Router\\Router.php',
  'message' => '找不到指定的控制器:Index/Index',
  'trace' => 
  array (
    0 => 
    array (
      'file' => 'E:\\Dev\\cms\\public\\index.php',
      'line' => 13,
      'function' => 'dispatch',
      'class' => 'Library\\Router\\router',
      'type' => '->',
      'args' => 
      array (
      ),
    ),
  ),
  'type' => 'Error',
)
[2016-11-19 11:41:05], debug -> Exception:array (
  'code' => 101,
  'line' => 121,
  'file' => 'E:\\Dev\\cms\\library\\Router\\Router.php',
  'message' => '找不到指定的控制器:Index/Index',
  'trace' => 
  array (
    0 => 
    array (
      'file' => 'E:\\Dev\\cms\\public\\index.php',
      'line' => 13,
      'function' => 'dispatch',
      'class' => 'Library\\Router\\router',
      'type' => '->',
      'args' => 
      array (
      ),
    ),
  ),
  'type' => 'Error',
)
[2016-11-19 11:41:07], debug -> Exception:array (
  'code' => 101,
  'line' => 121,
  'file' => 'E:\\Dev\\cms\\library\\Router\\Router.php',
  'message' => '找不到指定的控制器:Index/Index',
  'trace' => 
  array (
    0 => 
    array (
      'file' => 'E:\\Dev\\cms\\public\\index.php',
      'line' => 13,
      'function' => 'dispatch',
      'class' => 'Library\\Router\\router',
      'type' => '->',
      'args' => 
      array (
      ),
    ),
  ),
  'type' => 'Error',
)
[2016-11-19 11:43:48], debug -> Exception:array (
  'code' => 101,
  'line' => 121,
  'file' => 'E:\\Dev\\cms\\library\\Router\\Router.php',
  'message' => '找不到指定的控制器:Index/Index',
  'trace' => 
  array (
    0 => 
    array (
      'file' => 'E:\\Dev\\cms\\public\\index.php',
      'line' => 13,
      'function' => 'dispatch',
      'class' => 'Library\\Router\\router',
      'type' => '->',
      'args' => 
      array (
      ),
    ),
  ),
  'type' => 'Error',
)
[2016-11-19 12:09:05], debug -> Exception:array (
  'code' => 101,
  'line' => 121,
  'file' => 'E:\\Dev\\cms\\library\\Router\\Router.php',
  'message' => '找不到指定的控制器:Index/Index',
  'trace' => 
  array (
    0 => 
    array (
      'file' => 'E:\\Dev\\cms\\public\\index.php',
      'line' => 13,
      'function' => 'dispatch',
      'class' => 'Library\\Router\\router',
      'type' => '->',
      'args' => 
      array (
      ),
    ),
  ),
  'type' => 'Error',
)
[2016-11-19 12:09:11], debug -> Exception:array (
  'code' => 101,
  'line' => 121,
  'file' => 'E:\\Dev\\cms\\library\\Router\\Router.php',
  'message' => '找不到指定的控制器:Index/Index',
  'trace' => 
  array (
    0 => 
    array (
      'file' => 'E:\\Dev\\cms\\public\\index.php',
      'line' => 13,
      'function' => 'dispatch',
      'class' => 'Library\\Router\\router',
      'type' => '->',
      'args' => 
      array (
      ),
    ),
  ),
  'type' => 'Error',
)
[2016-11-19 12:11:42], debug -> Exception:array (
  'code' => 101,
  'line' => 121,
  'file' => 'E:\\Dev\\cms\\library\\Router\\Router.php',
  'message' => '找不到指定的控制器:Index/Index',
  'trace' => 
  array (
    0 => 
    array (
      'file' => 'E:\\Dev\\cms\\public\\index.php',
      'line' => 13,
      'function' => 'dispatch',
      'class' => 'Library\\Router\\router',
      'type' => '->',
      'args' => 
      array (
      ),
    ),
  ),
  'type' => 'Error',
)
[2016-11-19 12:11:42], debug -> Exception:array (
  'code' => 101,
  'line' => 121,
  'file' => 'E:\\Dev\\cms\\library\\Router\\Router.php',
  'message' => '找不到指定的控制器:Index/Index',
  'trace' => 
  array (
    0 => 
    array (
      'file' => 'E:\\Dev\\cms\\public\\index.php',
      'line' => 13,
      'function' => 'dispatch',
      'class' => 'Library\\Router\\router',
      'type' => '->',
      'args' => 
      array (
      ),
    ),
  ),
  'type' => 'Error',
)
[2016-11-19 12:11:43], debug -> Exception:array (
  'code' => 101,
  'line' => 121,
  'file' => 'E:\\Dev\\cms\\library\\Router\\Router.php',
  'message' => '找不到指定的控制器:Index/Index',
  'trace' => 
  array (
    0 => 
    array (
      'file' => 'E:\\Dev\\cms\\public\\index.php',
      'line' => 13,
      'function' => 'dispatch',
      'class' => 'Library\\Router\\router',
      'type' => '->',
      'args' => 
      array (
      ),
    ),
  ),
  'type' => 'Error',
)
[2016-11-19 12:13:32], debug -> Exception:array (
  'code' => 101,
  'line' => 121,
  'file' => 'E:\\Dev\\cms\\library\\Router\\Router.php',
  'message' => '找不到指定的控制器:Index/Index',
  'trace' => 
  array (
    0 => 
    array (
      'file' => 'E:\\Dev\\cms\\public\\index.php',
      'line' => 13,
      'function' => 'dispatch',
      'class' => 'Library\\Router\\router',
      'type' => '->',
      'args' => 
      array (
      ),
    ),
  ),
  'type' => 'Error',
)
[2016-11-19 12:15:07], debug -> Exception:array (
  'code' => 101,
  'line' => 121,
  'file' => 'E:\\Dev\\cms\\library\\Router\\Router.php',
  'message' => '找不到指定的控制器:Index/Index',
  'trace' => 
  array (
    0 => 
    array (
      'file' => 'E:\\Dev\\cms\\public\\index.php',
      'line' => 13,
      'function' => 'dispatch',
      'class' => 'Library\\Router\\router',
      'type' => '->',
      'args' => 
      array (
      ),
    ),
  ),
  'type' => 'Error',
)
[2016-11-19 12:15:07], debug -> Exception:array (
  'code' => 101,
  'line' => 121,
  'file' => 'E:\\Dev\\cms\\library\\Router\\Router.php',
  'message' => '找不到指定的控制器:Index/Index',
  'trace' => 
  array (
    0 => 
    array (
      'file' => 'E:\\Dev\\cms\\public\\index.php',
      'line' => 13,
      'function' => 'dispatch',
      'class' => 'Library\\Router\\router',
      'type' => '->',
      'args' => 
      array (
      ),
    ),
  ),
  'type' => 'Error',
)
[2016-11-19 12:15:07], debug -> Exception:array (
  'code' => 101,
  'line' => 121,
  'file' => 'E:\\Dev\\cms\\library\\Router\\Router.php',
  'message' => '找不到指定的控制器:Index/Index',
  'trace' => 
  array (
    0 => 
    array (
      'file' => 'E:\\Dev\\cms\\public\\index.php',
      'line' => 13,
      'function' => 'dispatch',
      'class' => 'Library\\Router\\router',
      'type' => '->',
      'args' => 
      array (
      ),
    ),
  ),
  'type' => 'Error',
)
[2016-11-19 12:15:08], debug -> Exception:array (
  'code' => 101,
  'line' => 121,
  'file' => 'E:\\Dev\\cms\\library\\Router\\Router.php',
  'message' => '找不到指定的控制器:Index/Index',
  'trace' => 
  array (
    0 => 
    array (
      'file' => 'E:\\Dev\\cms\\public\\index.php',
      'line' => 13,
      'function' => 'dispatch',
      'class' => 'Library\\Router\\router',
      'type' => '->',
      'args' => 
      array (
      ),
    ),
  ),
  'type' => 'Error',
)
[2016-11-19 12:15:08], debug -> Exception:array (
  'code' => 101,
  'line' => 121,
  'file' => 'E:\\Dev\\cms\\library\\Router\\Router.php',
  'message' => '找不到指定的控制器:Index/Index',
  'trace' => 
  array (
    0 => 
    array (
      'file' => 'E:\\Dev\\cms\\public\\index.php',
      'line' => 13,
      'function' => 'dispatch',
      'class' => 'Library\\Router\\router',
      'type' => '->',
      'args' => 
      array (
      ),
    ),
  ),
  'type' => 'Error',
)
[2016-11-19 12:15:08], debug -> Exception:array (
  'code' => 101,
  'line' => 121,
  'file' => 'E:\\Dev\\cms\\library\\Router\\Router.php',
  'message' => '找不到指定的控制器:Index/Index',
  'trace' => 
  array (
    0 => 
    array (
      'file' => 'E:\\Dev\\cms\\public\\index.php',
      'line' => 13,
      'function' => 'dispatch',
      'class' => 'Library\\Router\\router',
      'type' => '->',
      'args' => 
      array (
      ),
    ),
  ),
  'type' => 'Error',
)
[2016-11-19 12:15:08], debug -> Exception:array (
  'code' => 101,
  'line' => 121,
  'file' => 'E:\\Dev\\cms\\library\\Router\\Router.php',
  'message' => '找不到指定的控制器:Index/Index',
  'trace' => 
  array (
    0 => 
    array (
      'file' => 'E:\\Dev\\cms\\public\\index.php',
      'line' => 13,
      'function' => 'dispatch',
      'class' => 'Library\\Router\\router',
      'type' => '->',
      'args' => 
      array (
      ),
    ),
  ),
  'type' => 'Error',
)
[2016-11-19 12:15:08], debug -> Exception:array (
  'code' => 101,
  'line' => 121,
  'file' => 'E:\\Dev\\cms\\library\\Router\\Router.php',
  'message' => '找不到指定的控制器:Index/Index',
  'trace' => 
  array (
    0 => 
    array (
      'file' => 'E:\\Dev\\cms\\public\\index.php',
      'line' => 13,
      'function' => 'dispatch',
      'class' => 'Library\\Router\\router',
      'type' => '->',
      'args' => 
      array (
      ),
    ),
  ),
  'type' => 'Error',
)
[2016-11-19 12:15:21], debug -> Exception:array (
  'code' => 101,
  'line' => 121,
  'file' => 'E:\\Dev\\cms\\library\\Router\\Router.php',
  'message' => '找不到指定的控制器:Index/Index',
  'trace' => 
  array (
    0 => 
    array (
      'file' => 'E:\\Dev\\cms\\public\\index.php',
      'line' => 13,
      'function' => 'dispatch',
      'class' => 'Library\\Router\\router',
      'type' => '->',
      'args' => 
      array (
      ),
    ),
  ),
  'type' => 'Error',
)
[2016-11-19 12:15:27], debug -> Exception:array (
  'code' => 101,
  'line' => 121,
  'file' => 'E:\\Dev\\cms\\library\\Router\\Router.php',
  'message' => '找不到指定的控制器:Index/Index',
  'trace' => 
  array (
    0 => 
    array (
      'file' => 'E:\\Dev\\cms\\public\\index.php',
      'line' => 13,
      'function' => 'dispatch',
      'class' => 'Library\\Router\\router',
      'type' => '->',
      'args' => 
      array (
      ),
    ),
  ),
  'type' => 'Error',
)
[2016-11-19 12:16:15], debug -> Exception:array (
  'code' => 101,
  'line' => 121,
  'file' => 'E:\\Dev\\cms\\library\\Router\\Router.php',
  'message' => '找不到指定的控制器:Index/Index',
  'trace' => 
  array (
    0 => 
    array (
      'file' => 'E:\\Dev\\cms\\public\\index.php',
      'line' => 13,
      'function' => 'dispatch',
      'class' => 'Library\\Router\\router',
      'type' => '->',
      'args' => 
      array (
      ),
    ),
  ),
  'type' => 'Error',
)
[2016-11-19 12:16:20], debug -> Exception:array (
  'code' => 101,
  'line' => 121,
  'file' => 'E:\\Dev\\cms\\library\\Router\\Router.php',
  'message' => '找不到指定的控制器:Index/Index',
  'trace' => 
  array (
    0 => 
    array (
      'file' => 'E:\\Dev\\cms\\public\\index.php',
      'line' => 13,
      'function' => 'dispatch',
      'class' => 'Library\\Router\\router',
      'type' => '->',
      'args' => 
      array (
      ),
    ),
  ),
  'type' => 'Error',
)
[2016-11-19 12:16:23], debug -> Exception:array (
  'code' => 101,
  'line' => 121,
  'file' => 'E:\\Dev\\cms\\library\\Router\\Router.php',
  'message' => '找不到指定的控制器:Index/Index',
  'trace' => 
  array (
    0 => 
    array (
      'file' => 'E:\\Dev\\cms\\public\\index.php',
      'line' => 13,
      'function' => 'dispatch',
      'class' => 'Library\\Router\\router',
      'type' => '->',
      'args' => 
      array (
      ),
    ),
  ),
  'type' => 'Error',
)
[2016-11-19 12:16:25], debug -> Exception:array (
  'code' => 101,
  'line' => 121,
  'file' => 'E:\\Dev\\cms\\library\\Router\\Router.php',
  'message' => '找不到指定的控制器:Index/Index',
  'trace' => 
  array (
    0 => 
    array (
      'file' => 'E:\\Dev\\cms\\public\\index.php',
      'line' => 13,
      'function' => 'dispatch',
      'class' => 'Library\\Router\\router',
      'type' => '->',
      'args' => 
      array (
      ),
    ),
  ),
  'type' => 'Error',
)
[2016-11-19 12:18:12], debug -> Exception:array (
  'code' => 101,
  'line' => 121,
  'file' => 'E:\\Dev\\cms\\library\\Router\\Router.php',
  'message' => '找不到指定的控制器:Index/Index',
  'trace' => 
  array (
    0 => 
    array (
      'file' => 'E:\\Dev\\cms\\public\\index.php',
      'line' => 13,
      'function' => 'dispatch',
      'class' => 'Library\\Router\\router',
      'type' => '->',
      'args' => 
      array (
      ),
    ),
  ),
  'type' => 'Error',
)
[2016-11-19 12:18:13], debug -> Exception:array (
  'code' => 101,
  'line' => 121,
  'file' => 'E:\\Dev\\cms\\library\\Router\\Router.php',
  'message' => '找不到指定的控制器:Index/Index',
  'trace' => 
  array (
    0 => 
    array (
      'file' => 'E:\\Dev\\cms\\public\\index.php',
      'line' => 13,
      'function' => 'dispatch',
      'class' => 'Library\\Router\\router',
      'type' => '->',
      'args' => 
      array (
      ),
    ),
  ),
  'type' => 'Error',
)
[2016-11-19 12:18:13], debug -> Exception:array (
  'code' => 101,
  'line' => 121,
  'file' => 'E:\\Dev\\cms\\library\\Router\\Router.php',
  'message' => '找不到指定的控制器:Index/Index',
  'trace' => 
  array (
    0 => 
    array (
      'file' => 'E:\\Dev\\cms\\public\\index.php',
      'line' => 13,
      'function' => 'dispatch',
      'class' => 'Library\\Router\\router',
      'type' => '->',
      'args' => 
      array (
      ),
    ),
  ),
  'type' => 'Error',
)
[2016-11-19 12:18:33], debug -> Exception:array (
  'code' => 101,
  'line' => 121,
  'file' => 'E:\\Dev\\cms\\library\\Router\\Router.php',
  'message' => '找不到指定的控制器:Index/Index',
  'trace' => 
  array (
    0 => 
    array (
      'file' => 'E:\\Dev\\cms\\public\\index.php',
      'line' => 13,
      'function' => 'dispatch',
      'class' => 'Library\\Router\\router',
      'type' => '->',
      'args' => 
      array (
      ),
    ),
  ),
  'type' => 'Error',
)
[2016-11-19 12:18:38], debug -> Exception:array (
  'code' => 101,
  'line' => 121,
  'file' => 'E:\\Dev\\cms\\library\\Router\\Router.php',
  'message' => '找不到指定的控制器:Index/Index',
  'trace' => 
  array (
    0 => 
    array (
      'file' => 'E:\\Dev\\cms\\public\\index.php',
      'line' => 13,
      'function' => 'dispatch',
      'class' => 'Library\\Router\\router',
      'type' => '->',
      'args' => 
      array (
      ),
    ),
  ),
  'type' => 'Error',
)
[2016-11-19 12:21:17], debug -> Exception:array (
  'code' => 101,
  'line' => 121,
  'file' => 'E:\\Dev\\cms\\library\\Router\\Router.php',
  'message' => '找不到指定的控制器:Index/Index',
  'trace' => 
  array (
    0 => 
    array (
      'file' => 'E:\\Dev\\cms\\public\\index.php',
      'line' => 13,
      'function' => 'dispatch',
      'class' => 'Library\\Router\\router',
      'type' => '->',
      'args' => 
      array (
      ),
    ),
  ),
  'type' => 'Error',
)
[2016-11-19 12:21:42], debug -> Exception:array (
  'code' => 101,
  'line' => 121,
  'file' => 'E:\\Dev\\cms\\library\\Router\\Router.php',
  'message' => '找不到指定的控制器:Index/Index',
  'trace' => 
  array (
    0 => 
    array (
      'file' => 'E:\\Dev\\cms\\public\\index.php',
      'line' => 13,
      'function' => 'dispatch',
      'class' => 'Library\\Router\\router',
      'type' => '->',
      'args' => 
      array (
      ),
    ),
  ),
  'type' => 'Error',
)
[2016-11-19 12:21:43], debug -> Exception:array (
  'code' => 101,
  'line' => 121,
  'file' => 'E:\\Dev\\cms\\library\\Router\\Router.php',
  'message' => '找不到指定的控制器:Index/Index',
  'trace' => 
  array (
    0 => 
    array (
      'file' => 'E:\\Dev\\cms\\public\\index.php',
      'line' => 13,
      'function' => 'dispatch',
      'class' => 'Library\\Router\\router',
      'type' => '->',
      'args' => 
      array (
      ),
    ),
  ),
  'type' => 'Error',
)
[2016-11-19 12:21:43], debug -> Exception:array (
  'code' => 101,
  'line' => 121,
  'file' => 'E:\\Dev\\cms\\library\\Router\\Router.php',
  'message' => '找不到指定的控制器:Index/Index',
  'trace' => 
  array (
    0 => 
    array (
      'file' => 'E:\\Dev\\cms\\public\\index.php',
      'line' => 13,
      'function' => 'dispatch',
      'class' => 'Library\\Router\\router',
      'type' => '->',
      'args' => 
      array (
      ),
    ),
  ),
  'type' => 'Error',
)
[2016-11-19 12:23:21], debug -> Exception:array (
  'code' => 101,
  'line' => 121,
  'file' => 'E:\\Dev\\cms\\library\\Router\\Router.php',
  'message' => '找不到指定的控制器:Index/Index',
  'trace' => 
  array (
    0 => 
    array (
      'file' => 'E:\\Dev\\cms\\public\\index.php',
      'line' => 13,
      'function' => 'dispatch',
      'class' => 'Library\\Router\\router',
      'type' => '->',
      'args' => 
      array (
      ),
    ),
  ),
  'type' => 'Error',
)
[2016-11-19 12:23:21], debug -> Exception:array (
  'code' => 101,
  'line' => 121,
  'file' => 'E:\\Dev\\cms\\library\\Router\\Router.php',
  'message' => '找不到指定的控制器:Index/Index',
  'trace' => 
  array (
    0 => 
    array (
      'file' => 'E:\\Dev\\cms\\public\\index.php',
      'line' => 13,
      'function' => 'dispatch',
      'class' => 'Library\\Router\\router',
      'type' => '->',
      'args' => 
      array (
      ),
    ),
  ),
  'type' => 'Error',
)
[2016-11-19 12:23:28], debug -> Exception:array (
  'code' => 101,
  'line' => 121,
  'file' => 'E:\\Dev\\cms\\library\\Router\\Router.php',
  'message' => '找不到指定的控制器:Index/Index',
  'trace' => 
  array (
    0 => 
    array (
      'file' => 'E:\\Dev\\cms\\public\\index.php',
      'line' => 13,
      'function' => 'dispatch',
      'class' => 'Library\\Router\\router',
      'type' => '->',
      'args' => 
      array (
      ),
    ),
  ),
  'type' => 'Error',
)
[2016-11-19 12:24:49], debug -> Exception:array (
  'code' => 101,
  'line' => 121,
  'file' => 'E:\\Dev\\cms\\library\\Router\\Router.php',
  'message' => '找不到指定的控制器:Index/Index',
  'trace' => 
  array (
    0 => 
    array (
      'file' => 'E:\\Dev\\cms\\public\\index.php',
      'line' => 13,
      'function' => 'dispatch',
      'class' => 'Library\\Router\\router',
      'type' => '->',
      'args' => 
      array (
      ),
    ),
  ),
  'type' => 'Error',
)
[2016-11-19 12:25:06], debug -> Exception:array (
  'code' => 101,
  'line' => 121,
  'file' => 'E:\\Dev\\cms\\library\\Router\\Router.php',
  'message' => '找不到指定的控制器:Index/Index',
  'trace' => 
  array (
    0 => 
    array (
      'file' => 'E:\\Dev\\cms\\public\\index.php',
      'line' => 13,
      'function' => 'dispatch',
      'class' => 'Library\\Router\\router',
      'type' => '->',
      'args' => 
      array (
      ),
    ),
  ),
  'type' => 'Error',
)
[2016-11-19 12:25:18], debug -> Exception:array (
  'code' => 101,
  'line' => 121,
  'file' => 'E:\\Dev\\cms\\library\\Router\\Router.php',
  'message' => '找不到指定的控制器:Index/Index',
  'trace' => 
  array (
    0 => 
    array (
      'file' => 'E:\\Dev\\cms\\public\\index.php',
      'line' => 13,
      'function' => 'dispatch',
      'class' => 'Library\\Router\\router',
      'type' => '->',
      'args' => 
      array (
      ),
    ),
  ),
  'type' => 'Error',
)
[2016-11-19 12:25:18], debug -> Exception:array (
  'code' => 101,
  'line' => 121,
  'file' => 'E:\\Dev\\cms\\library\\Router\\Router.php',
  'message' => '找不到指定的控制器:Index/Index',
  'trace' => 
  array (
    0 => 
    array (
      'file' => 'E:\\Dev\\cms\\public\\index.php',
      'line' => 13,
      'function' => 'dispatch',
      'class' => 'Library\\Router\\router',
      'type' => '->',
      'args' => 
      array (
      ),
    ),
  ),
  'type' => 'Error',
)
[2016-11-19 12:25:18], debug -> Exception:array (
  'code' => 101,
  'line' => 121,
  'file' => 'E:\\Dev\\cms\\library\\Router\\Router.php',
  'message' => '找不到指定的控制器:Index/Index',
  'trace' => 
  array (
    0 => 
    array (
      'file' => 'E:\\Dev\\cms\\public\\index.php',
      'line' => 13,
      'function' => 'dispatch',
      'class' => 'Library\\Router\\router',
      'type' => '->',
      'args' => 
      array (
      ),
    ),
  ),
  'type' => 'Error',
)
[2016-11-19 12:25:22], debug -> Exception:array (
  'code' => 101,
  'line' => 121,
  'file' => 'E:\\Dev\\cms\\library\\Router\\Router.php',
  'message' => '找不到指定的控制器:Index/Index',
  'trace' => 
  array (
    0 => 
    array (
      'file' => 'E:\\Dev\\cms\\public\\index.php',
      'line' => 13,
      'function' => 'dispatch',
      'class' => 'Library\\Router\\router',
      'type' => '->',
      'args' => 
      array (
      ),
    ),
  ),
  'type' => 'Error',
)
[2016-11-19 12:26:24], debug -> Exception:array (
  'code' => 0,
  'line' => 62,
  'file' => 'E:\\Dev\\cms\\app\\C\\Admin\\Base.php',
  'message' => 'syntax error, unexpected \'$params\' (T_VARIABLE)',
  'trace' => 
  array (
    0 => 
    array (
      'file' => 'E:\\Dev\\cms\\vendor\\composer\\ClassLoader.php',
      'line' => 301,
      'function' => 'Composer\\Autoload\\includeFile',
      'args' => 
      array (
        0 => 'E:\\Dev\\cms\\vendor\\composer/../../app\\C\\Admin\\Base.php',
      ),
    ),
    1 => 
    array (
      'function' => 'loadClass',
      'class' => 'Composer\\Autoload\\ClassLoader',
      'type' => '->',
      'args' => 
      array (
        0 => 'App\\C\\Admin\\Base',
      ),
    ),
    2 => 
    array (
      'file' => 'E:\\Dev\\cms\\app\\C\\Admin\\Recommend.php',
      'line' => 9,
      'function' => 'spl_autoload_call',
      'args' => 
      array (
        0 => 'App\\C\\Admin\\Base',
      ),
    ),
    3 => 
    array (
      'file' => 'E:\\Dev\\cms\\vendor\\composer\\ClassLoader.php',
      'line' => 414,
      'args' => 
      array (
        0 => 'E:\\Dev\\cms\\app\\C\\Admin\\Recommend.php',
      ),
      'function' => 'include',
    ),
    4 => 
    array (
      'file' => 'E:\\Dev\\cms\\vendor\\composer\\ClassLoader.php',
      'line' => 301,
      'function' => 'Composer\\Autoload\\includeFile',
      'args' => 
      array (
        0 => 'E:\\Dev\\cms\\vendor\\composer/../../app\\C\\Admin\\Recommend.php',
      ),
    ),
    5 => 
    array (
      'function' => 'loadClass',
      'class' => 'Composer\\Autoload\\ClassLoader',
      'type' => '->',
      'args' => 
      array (
        0 => 'App\\C\\Admin\\Recommend',
      ),
    ),
    6 => 
    array (
      'function' => 'spl_autoload_call',
      'args' => 
      array (
        0 => 'App\\C\\Admin\\Recommend',
      ),
    ),
    7 => 
    array (
      'file' => 'E:\\Dev\\cms\\library\\Router\\Router.php',
      'line' => 117,
      'function' => 'class_exists',
      'args' => 
      array (
        0 => '\\App\\C\\Admin\\Recommend',
      ),
    ),
    8 => 
    array (
      'file' => 'E:\\Dev\\cms\\public\\index.php',
      'line' => 13,
      'function' => 'dispatch',
      'class' => 'Library\\Router\\router',
      'type' => '->',
      'args' => 
      array (
      ),
    ),
  ),
  'type' => 'Error',
)
[2016-11-19 12:26:24], debug -> Exception:array (
  'code' => 101,
  'line' => 121,
  'file' => 'E:\\Dev\\cms\\library\\Router\\Router.php',
  'message' => '找不到指定的控制器:Index/Index',
  'trace' => 
  array (
    0 => 
    array (
      'file' => 'E:\\Dev\\cms\\public\\index.php',
      'line' => 13,
      'function' => 'dispatch',
      'class' => 'Library\\Router\\router',
      'type' => '->',
      'args' => 
      array (
      ),
    ),
  ),
  'type' => 'Error',
)
[2016-11-19 12:26:32], debug -> Exception:array (
  'code' => 101,
  'line' => 121,
  'file' => 'E:\\Dev\\cms\\library\\Router\\Router.php',
  'message' => '找不到指定的控制器:Index/Index',
  'trace' => 
  array (
    0 => 
    array (
      'file' => 'E:\\Dev\\cms\\public\\index.php',
      'line' => 13,
      'function' => 'dispatch',
      'class' => 'Library\\Router\\router',
      'type' => '->',
      'args' => 
      array (
      ),
    ),
  ),
  'type' => 'Error',
)
[2016-11-19 12:26:36], debug -> Exception:array (
  'code' => 101,
  'line' => 121,
  'file' => 'E:\\Dev\\cms\\library\\Router\\Router.php',
  'message' => '找不到指定的控制器:Index/Index',
  'trace' => 
  array (
    0 => 
    array (
      'file' => 'E:\\Dev\\cms\\public\\index.php',
      'line' => 13,
      'function' => 'dispatch',
      'class' => 'Library\\Router\\router',
      'type' => '->',
      'args' => 
      array (
      ),
    ),
  ),
  'type' => 'Error',
)
[2016-11-19 12:26:40], debug -> Exception:array (
  'code' => 101,
  'line' => 121,
  'file' => 'E:\\Dev\\cms\\library\\Router\\Router.php',
  'message' => '找不到指定的控制器:Index/Index',
  'trace' => 
  array (
    0 => 
    array (
      'file' => 'E:\\Dev\\cms\\public\\index.php',
      'line' => 13,
      'function' => 'dispatch',
      'class' => 'Library\\Router\\router',
      'type' => '->',
      'args' => 
      array (
      ),
    ),
  ),
  'type' => 'Error',
)
[2016-11-19 12:26:44], debug -> Exception:array (
  'code' => 101,
  'line' => 121,
  'file' => 'E:\\Dev\\cms\\library\\Router\\Router.php',
  'message' => '找不到指定的控制器:Index/Index',
  'trace' => 
  array (
    0 => 
    array (
      'file' => 'E:\\Dev\\cms\\public\\index.php',
      'line' => 13,
      'function' => 'dispatch',
      'class' => 'Library\\Router\\router',
      'type' => '->',
      'args' => 
      array (
      ),
    ),
  ),
  'type' => 'Error',
)
[2016-11-19 12:26:49], debug -> Exception:array (
  'code' => 101,
  'line' => 121,
  'file' => 'E:\\Dev\\cms\\library\\Router\\Router.php',
  'message' => '找不到指定的控制器:Index/Index',
  'trace' => 
  array (
    0 => 
    array (
      'file' => 'E:\\Dev\\cms\\public\\index.php',
      'line' => 13,
      'function' => 'dispatch',
      'class' => 'Library\\Router\\router',
      'type' => '->',
      'args' => 
      array (
      ),
    ),
  ),
  'type' => 'Error',
)
[2016-11-19 12:26:54], debug -> Exception:array (
  'code' => 101,
  'line' => 121,
  'file' => 'E:\\Dev\\cms\\library\\Router\\Router.php',
  'message' => '找不到指定的控制器:Index/Index',
  'trace' => 
  array (
    0 => 
    array (
      'file' => 'E:\\Dev\\cms\\public\\index.php',
      'line' => 13,
      'function' => 'dispatch',
      'class' => 'Library\\Router\\router',
      'type' => '->',
      'args' => 
      array (
      ),
    ),
  ),
  'type' => 'Error',
)
[2016-11-19 12:26:59], debug -> Exception:array (
  'code' => 101,
  'line' => 121,
  'file' => 'E:\\Dev\\cms\\library\\Router\\Router.php',
  'message' => '找不到指定的控制器:Index/Index',
  'trace' => 
  array (
    0 => 
    array (
      'file' => 'E:\\Dev\\cms\\public\\index.php',
      'line' => 13,
      'function' => 'dispatch',
      'class' => 'Library\\Router\\router',
      'type' => '->',
      'args' => 
      array (
      ),
    ),
  ),
  'type' => 'Error',
)
[2016-11-19 12:27:04], debug -> Exception:array (
  'code' => 101,
  'line' => 121,
  'file' => 'E:\\Dev\\cms\\library\\Router\\Router.php',
  'message' => '找不到指定的控制器:Index/Index',
  'trace' => 
  array (
    0 => 
    array (
      'file' => 'E:\\Dev\\cms\\public\\index.php',
      'line' => 13,
      'function' => 'dispatch',
      'class' => 'Library\\Router\\router',
      'type' => '->',
      'args' => 
      array (
      ),
    ),
  ),
  'type' => 'Error',
)
[2016-11-19 12:27:09], debug -> Exception:array (
  'code' => 101,
  'line' => 121,
  'file' => 'E:\\Dev\\cms\\library\\Router\\Router.php',
  'message' => '找不到指定的控制器:Index/Index',
  'trace' => 
  array (
    0 => 
    array (
      'file' => 'E:\\Dev\\cms\\public\\index.php',
      'line' => 13,
      'function' => 'dispatch',
      'class' => 'Library\\Router\\router',
      'type' => '->',
      'args' => 
      array (
      ),
    ),
  ),
  'type' => 'Error',
)
[2016-11-19 12:27:11], debug -> Exception:array (
  'code' => 101,
  'line' => 121,
  'file' => 'E:\\Dev\\cms\\library\\Router\\Router.php',
  'message' => '找不到指定的控制器:Index/Index',
  'trace' => 
  array (
    0 => 
    array (
      'file' => 'E:\\Dev\\cms\\public\\index.php',
      'line' => 13,
      'function' => 'dispatch',
      'class' => 'Library\\Router\\router',
      'type' => '->',
      'args' => 
      array (
      ),
    ),
  ),
  'type' => 'Error',
)
[2016-11-19 12:27:28], debug -> Exception:array (
  'code' => 101,
  'line' => 121,
  'file' => 'E:\\Dev\\cms\\library\\Router\\Router.php',
  'message' => '找不到指定的控制器:Index/Index',
  'trace' => 
  array (
    0 => 
    array (
      'file' => 'E:\\Dev\\cms\\public\\index.php',
      'line' => 13,
      'function' => 'dispatch',
      'class' => 'Library\\Router\\router',
      'type' => '->',
      'args' => 
      array (
      ),
    ),
  ),
  'type' => 'Error',
)
[2016-11-19 12:27:38], debug -> Exception:array (
  'code' => 101,
  'line' => 121,
  'file' => 'E:\\Dev\\cms\\library\\Router\\Router.php',
  'message' => '找不到指定的控制器:Index/Index',
  'trace' => 
  array (
    0 => 
    array (
      'file' => 'E:\\Dev\\cms\\public\\index.php',
      'line' => 13,
      'function' => 'dispatch',
      'class' => 'Library\\Router\\router',
      'type' => '->',
      'args' => 
      array (
      ),
    ),
  ),
  'type' => 'Error',
)
[2016-11-19 12:29:58], debug -> Exception:array (
  'code' => 101,
  'line' => 121,
  'file' => 'E:\\Dev\\cms\\library\\Router\\Router.php',
  'message' => '找不到指定的控制器:Index/Index',
  'trace' => 
  array (
    0 => 
    array (
      'file' => 'E:\\Dev\\cms\\public\\index.php',
      'line' => 13,
      'function' => 'dispatch',
      'class' => 'Library\\Router\\router',
      'type' => '->',
      'args' => 
      array (
      ),
    ),
  ),
  'type' => 'Error',
)
[2016-11-19 12:30:17], debug -> Exception:array (
  'code' => 101,
  'line' => 121,
  'file' => 'E:\\Dev\\cms\\library\\Router\\Router.php',
  'message' => '找不到指定的控制器:Index/Index',
  'trace' => 
  array (
    0 => 
    array (
      'file' => 'E:\\Dev\\cms\\public\\index.php',
      'line' => 13,
      'function' => 'dispatch',
      'class' => 'Library\\Router\\router',
      'type' => '->',
      'args' => 
      array (
      ),
    ),
  ),
  'type' => 'Error',
)
[2016-11-19 12:31:23], debug -> Exception:array (
  'code' => 101,
  'line' => 121,
  'file' => 'E:\\Dev\\cms\\library\\Router\\Router.php',
  'message' => '找不到指定的控制器:Index/Index',
  'trace' => 
  array (
    0 => 
    array (
      'file' => 'E:\\Dev\\cms\\public\\index.php',
      'line' => 13,
      'function' => 'dispatch',
      'class' => 'Library\\Router\\router',
      'type' => '->',
      'args' => 
      array (
      ),
    ),
  ),
  'type' => 'Error',
)
[2016-11-19 12:32:23], debug -> Exception:array (
  'code' => 101,
  'line' => 121,
  'file' => 'E:\\Dev\\cms\\library\\Router\\Router.php',
  'message' => '找不到指定的控制器:Index/Index',
  'trace' => 
  array (
    0 => 
    array (
      'file' => 'E:\\Dev\\cms\\public\\index.php',
      'line' => 13,
      'function' => 'dispatch',
      'class' => 'Library\\Router\\router',
      'type' => '->',
      'args' => 
      array (
      ),
    ),
  ),
  'type' => 'Error',
)
[2016-11-19 12:32:25], debug -> Exception:array (
  'code' => 101,
  'line' => 121,
  'file' => 'E:\\Dev\\cms\\library\\Router\\Router.php',
  'message' => '找不到指定的控制器:Index/Index',
  'trace' => 
  array (
    0 => 
    array (
      'file' => 'E:\\Dev\\cms\\public\\index.php',
      'line' => 13,
      'function' => 'dispatch',
      'class' => 'Library\\Router\\router',
      'type' => '->',
      'args' => 
      array (
      ),
    ),
  ),
  'type' => 'Error',
)
[2016-11-19 12:32:31], debug -> Exception:array (
  'code' => 101,
  'line' => 121,
  'file' => 'E:\\Dev\\cms\\library\\Router\\Router.php',
  'message' => '找不到指定的控制器:Index/Index',
  'trace' => 
  array (
    0 => 
    array (
      'file' => 'E:\\Dev\\cms\\public\\index.php',
      'line' => 13,
      'function' => 'dispatch',
      'class' => 'Library\\Router\\router',
      'type' => '->',
      'args' => 
      array (
      ),
    ),
  ),
  'type' => 'Error',
)
[2016-11-19 12:32:35], debug -> Exception:array (
  'code' => 101,
  'line' => 121,
  'file' => 'E:\\Dev\\cms\\library\\Router\\Router.php',
  'message' => '找不到指定的控制器:Index/Index',
  'trace' => 
  array (
    0 => 
    array (
      'file' => 'E:\\Dev\\cms\\public\\index.php',
      'line' => 13,
      'function' => 'dispatch',
      'class' => 'Library\\Router\\router',
      'type' => '->',
      'args' => 
      array (
      ),
    ),
  ),
  'type' => 'Error',
)
[2016-11-19 12:32:40], debug -> Exception:array (
  'code' => 101,
  'line' => 121,
  'file' => 'E:\\Dev\\cms\\library\\Router\\Router.php',
  'message' => '找不到指定的控制器:Index/Index',
  'trace' => 
  array (
    0 => 
    array (
      'file' => 'E:\\Dev\\cms\\public\\index.php',
      'line' => 13,
      'function' => 'dispatch',
      'class' => 'Library\\Router\\router',
      'type' => '->',
      'args' => 
      array (
      ),
    ),
  ),
  'type' => 'Error',
)
[2016-11-19 12:32:41], debug -> Exception:array (
  'code' => 101,
  'line' => 121,
  'file' => 'E:\\Dev\\cms\\library\\Router\\Router.php',
  'message' => '找不到指定的控制器:Index/Index',
  'trace' => 
  array (
    0 => 
    array (
      'file' => 'E:\\Dev\\cms\\public\\index.php',
      'line' => 13,
      'function' => 'dispatch',
      'class' => 'Library\\Router\\router',
      'type' => '->',
      'args' => 
      array (
      ),
    ),
  ),
  'type' => 'Error',
)
[2016-11-19 12:32:45], debug -> Exception:array (
  'code' => 101,
  'line' => 121,
  'file' => 'E:\\Dev\\cms\\library\\Router\\Router.php',
  'message' => '找不到指定的控制器:Index/Index',
  'trace' => 
  array (
    0 => 
    array (
      'file' => 'E:\\Dev\\cms\\public\\index.php',
      'line' => 13,
      'function' => 'dispatch',
      'class' => 'Library\\Router\\router',
      'type' => '->',
      'args' => 
      array (
      ),
    ),
  ),
  'type' => 'Error',
)
[2016-11-19 12:32:47], debug -> Exception:array (
  'code' => 101,
  'line' => 121,
  'file' => 'E:\\Dev\\cms\\library\\Router\\Router.php',
  'message' => '找不到指定的控制器:Index/Index',
  'trace' => 
  array (
    0 => 
    array (
      'file' => 'E:\\Dev\\cms\\public\\index.php',
      'line' => 13,
      'function' => 'dispatch',
      'class' => 'Library\\Router\\router',
      'type' => '->',
      'args' => 
      array (
      ),
    ),
  ),
  'type' => 'Error',
)
[2016-11-19 12:35:04], debug -> Exception:array (
  'code' => 101,
  'line' => 121,
  'file' => 'E:\\Dev\\cms\\library\\Router\\Router.php',
  'message' => '找不到指定的控制器:Index/Index',
  'trace' => 
  array (
    0 => 
    array (
      'file' => 'E:\\Dev\\cms\\public\\index.php',
      'line' => 13,
      'function' => 'dispatch',
      'class' => 'Library\\Router\\router',
      'type' => '->',
      'args' => 
      array (
      ),
    ),
  ),
  'type' => 'Error',
)
[2016-11-19 17:30:19], debug -> Exception:array (
  'code' => 101,
  'line' => 121,
  'file' => 'E:\\Dev\\cms\\library\\Router\\Router.php',
  'message' => '找不到指定的控制器:Index/Index',
  'trace' => 
  array (
    0 => 
    array (
      'file' => 'E:\\Dev\\cms\\public\\index.php',
      'line' => 13,
      'function' => 'dispatch',
      'class' => 'Library\\Router\\router',
      'type' => '->',
      'args' => 
      array (
      ),
    ),
  ),
  'type' => 'Error',
)
[2016-11-19 17:30:21], debug -> Exception:array (
  'code' => 101,
  'line' => 121,
  'file' => 'E:\\Dev\\cms\\library\\Router\\Router.php',
  'message' => '找不到指定的控制器:Index/Index',
  'trace' => 
  array (
    0 => 
    array (
      'file' => 'E:\\Dev\\cms\\public\\index.php',
      'line' => 13,
      'function' => 'dispatch',
      'class' => 'Library\\Router\\router',
      'type' => '->',
      'args' => 
      array (
      ),
    ),
  ),
  'type' => 'Error',
)
[2016-11-19 17:31:28], debug -> Exception:array (
  'code' => 101,
  'line' => 121,
  'file' => 'E:\\Dev\\cms\\library\\Router\\Router.php',
  'message' => '找不到指定的控制器:Index/Index',
  'trace' => 
  array (
    0 => 
    array (
      'file' => 'E:\\Dev\\cms\\public\\index.php',
      'line' => 13,
      'function' => 'dispatch',
      'class' => 'Library\\Router\\router',
      'type' => '->',
      'args' => 
      array (
      ),
    ),
  ),
  'type' => 'Error',
)
[2016-11-19 17:31:45], debug -> Exception:array (
  'code' => 101,
  'line' => 121,
  'file' => 'E:\\Dev\\cms\\library\\Router\\Router.php',
  'message' => '找不到指定的控制器:Index/Index',
  'trace' => 
  array (
    0 => 
    array (
      'file' => 'E:\\Dev\\cms\\public\\index.php',
      'line' => 13,
      'function' => 'dispatch',
      'class' => 'Library\\Router\\router',
      'type' => '->',
      'args' => 
      array (
      ),
    ),
  ),
  'type' => 'Error',
)
[2016-11-19 17:32:03], debug -> Exception:array (
  'code' => 101,
  'line' => 121,
  'file' => 'E:\\Dev\\cms\\library\\Router\\Router.php',
  'message' => '找不到指定的控制器:Index/Index',
  'trace' => 
  array (
    0 => 
    array (
      'file' => 'E:\\Dev\\cms\\public\\index.php',
      'line' => 13,
      'function' => 'dispatch',
      'class' => 'Library\\Router\\router',
      'type' => '->',
      'args' => 
      array (
      ),
    ),
  ),
  'type' => 'Error',
)
[2016-11-19 17:33:16], debug -> Exception:array (
  'code' => 101,
  'line' => 121,
  'file' => 'E:\\Dev\\cms\\library\\Router\\Router.php',
  'message' => '找不到指定的控制器:Index/Index',
  'trace' => 
  array (
    0 => 
    array (
      'file' => 'E:\\Dev\\cms\\public\\index.php',
      'line' => 13,
      'function' => 'dispatch',
      'class' => 'Library\\Router\\router',
      'type' => '->',
      'args' => 
      array (
      ),
    ),
  ),
  'type' => 'Error',
)
[2016-11-19 17:33:30], debug -> Exception:array (
  'code' => 101,
  'line' => 121,
  'file' => 'E:\\Dev\\cms\\library\\Router\\Router.php',
  'message' => '找不到指定的控制器:Index/Index',
  'trace' => 
  array (
    0 => 
    array (
      'file' => 'E:\\Dev\\cms\\public\\index.php',
      'line' => 13,
      'function' => 'dispatch',
      'class' => 'Library\\Router\\router',
      'type' => '->',
      'args' => 
      array (
      ),
    ),
  ),
  'type' => 'Error',
)
[2016-11-19 17:33:55], debug -> Exception:array (
  'code' => 101,
  'line' => 121,
  'file' => 'E:\\Dev\\cms\\library\\Router\\Router.php',
  'message' => '找不到指定的控制器:Index/Index',
  'trace' => 
  array (
    0 => 
    array (
      'file' => 'E:\\Dev\\cms\\public\\index.php',
      'line' => 13,
      'function' => 'dispatch',
      'class' => 'Library\\Router\\router',
      'type' => '->',
      'args' => 
      array (
      ),
    ),
  ),
  'type' => 'Error',
)
[2016-11-19 17:34:00], debug -> Exception:array (
  'code' => 101,
  'line' => 121,
  'file' => 'E:\\Dev\\cms\\library\\Router\\Router.php',
  'message' => '找不到指定的控制器:Index/Index',
  'trace' => 
  array (
    0 => 
    array (
      'file' => 'E:\\Dev\\cms\\public\\index.php',
      'line' => 13,
      'function' => 'dispatch',
      'class' => 'Library\\Router\\router',
      'type' => '->',
      'args' => 
      array (
      ),
    ),
  ),
  'type' => 'Error',
)
[2016-11-19 17:34:12], debug -> Exception:array (
  'code' => 101,
  'line' => 121,
  'file' => 'E:\\Dev\\cms\\library\\Router\\Router.php',
  'message' => '找不到指定的控制器:Index/Index',
  'trace' => 
  array (
    0 => 
    array (
      'file' => 'E:\\Dev\\cms\\public\\index.php',
      'line' => 13,
      'function' => 'dispatch',
      'class' => 'Library\\Router\\router',
      'type' => '->',
      'args' => 
      array (
      ),
    ),
  ),
  'type' => 'Error',
)
[2016-11-19 17:34:16], debug -> Exception:array (
  'code' => 101,
  'line' => 121,
  'file' => 'E:\\Dev\\cms\\library\\Router\\Router.php',
  'message' => '找不到指定的控制器:Index/Index',
  'trace' => 
  array (
    0 => 
    array (
      'file' => 'E:\\Dev\\cms\\public\\index.php',
      'line' => 13,
      'function' => 'dispatch',
      'class' => 'Library\\Router\\router',
      'type' => '->',
      'args' => 
      array (
      ),
    ),
  ),
  'type' => 'Error',
)
[2016-11-19 17:37:00], debug -> Exception:array (
  'code' => 101,
  'line' => 121,
  'file' => 'E:\\Dev\\cms\\library\\Router\\Router.php',
  'message' => '找不到指定的控制器:Index/Index',
  'trace' => 
  array (
    0 => 
    array (
      'file' => 'E:\\Dev\\cms\\public\\index.php',
      'line' => 13,
      'function' => 'dispatch',
      'class' => 'Library\\Router\\router',
      'type' => '->',
      'args' => 
      array (
      ),
    ),
  ),
  'type' => 'Error',
)
[2016-11-19 17:37:08], debug -> Exception:array (
  'code' => 102,
  'line' => 129,
  'file' => 'E:\\Dev\\cms\\library\\Router\\Router.php',
  'message' => '找不到指定的处理方法:Admin/Category/addCategory',
  'trace' => 
  array (
    0 => 
    array (
      'file' => 'E:\\Dev\\cms\\public\\index.php',
      'line' => 13,
      'function' => 'dispatch',
      'class' => 'Library\\Router\\router',
      'type' => '->',
      'args' => 
      array (
      ),
    ),
  ),
  'type' => 'Error',
)
