[2016-11-22 23:10:25], debug -> Exception:array (
  'code' => 101,
  'line' => 121,
  'file' => 'E:\\Dev\\cms\\library\\Router\\Router.php',
  'message' => '找不到指定的控制器:Index/Index',
  'trace' => 
  array (
    0 => 
    array (
      'file' => 'E:\\Dev\\cms\\public\\index.php',
      'line' => 13,
      'function' => 'dispatch',
      'class' => 'Library\\Router\\router',
      'type' => '->',
      'args' => 
      array (
      ),
    ),
  ),
  'type' => 'Error',
)
[2016-11-22 23:13:16], debug -> Exception:array (
  'code' => 101,
  'line' => 121,
  'file' => 'E:\\Dev\\cms\\library\\Router\\Router.php',
  'message' => '找不到指定的控制器:Index/Index',
  'trace' => 
  array (
    0 => 
    array (
      'file' => 'E:\\Dev\\cms\\public\\index.php',
      'line' => 13,
      'function' => 'dispatch',
      'class' => 'Library\\Router\\router',
      'type' => '->',
      'args' => 
      array (
      ),
    ),
  ),
  'type' => 'Error',
)
[2016-11-22 23:14:50], debug -> Exception:array (
  'code' => 101,
  'line' => 121,
  'file' => 'E:\\Dev\\cms\\library\\Router\\Router.php',
  'message' => '找不到指定的控制器:Index/Index',
  'trace' => 
  array (
    0 => 
    array (
      'file' => 'E:\\Dev\\cms\\public\\index.php',
      'line' => 13,
      'function' => 'dispatch',
      'class' => 'Library\\Router\\router',
      'type' => '->',
      'args' => 
      array (
      ),
    ),
  ),
  'type' => 'Error',
)
[2016-11-22 23:15:14], debug -> Exception:array (
  'code' => 101,
  'line' => 121,
  'file' => 'E:\\Dev\\cms\\library\\Router\\Router.php',
  'message' => '找不到指定的控制器:Index/Index',
  'trace' => 
  array (
    0 => 
    array (
      'file' => 'E:\\Dev\\cms\\public\\index.php',
      'line' => 13,
      'function' => 'dispatch',
      'class' => 'Library\\Router\\router',
      'type' => '->',
      'args' => 
      array (
      ),
    ),
  ),
  'type' => 'Error',
)
[2016-11-22 23:15:33], debug -> Exception:array (
  'code' => 101,
  'line' => 121,
  'file' => 'E:\\Dev\\cms\\library\\Router\\Router.php',
  'message' => '找不到指定的控制器:Index/Index',
  'trace' => 
  array (
    0 => 
    array (
      'file' => 'E:\\Dev\\cms\\public\\index.php',
      'line' => 13,
      'function' => 'dispatch',
      'class' => 'Library\\Router\\router',
      'type' => '->',
      'args' => 
      array (
      ),
    ),
  ),
  'type' => 'Error',
)
[2016-11-22 23:15:37], debug -> Exception:array (
  'code' => 101,
  'line' => 121,
  'file' => 'E:\\Dev\\cms\\library\\Router\\Router.php',
  'message' => '找不到指定的控制器:Index/Index',
  'trace' => 
  array (
    0 => 
    array (
      'file' => 'E:\\Dev\\cms\\public\\index.php',
      'line' => 13,
      'function' => 'dispatch',
      'class' => 'Library\\Router\\router',
      'type' => '->',
      'args' => 
      array (
      ),
    ),
  ),
  'type' => 'Error',
)
[2016-11-22 23:15:42], debug -> Exception:array (
  'code' => 101,
  'line' => 121,
  'file' => 'E:\\Dev\\cms\\library\\Router\\Router.php',
  'message' => '找不到指定的控制器:Index/Index',
  'trace' => 
  array (
    0 => 
    array (
      'file' => 'E:\\Dev\\cms\\public\\index.php',
      'line' => 13,
      'function' => 'dispatch',
      'class' => 'Library\\Router\\router',
      'type' => '->',
      'args' => 
      array (
      ),
    ),
  ),
  'type' => 'Error',
)
[2016-11-22 23:15:46], debug -> Exception:array (
  'code' => 101,
  'line' => 121,
  'file' => 'E:\\Dev\\cms\\library\\Router\\Router.php',
  'message' => '找不到指定的控制器:Index/Index',
  'trace' => 
  array (
    0 => 
    array (
      'file' => 'E:\\Dev\\cms\\public\\index.php',
      'line' => 13,
      'function' => 'dispatch',
      'class' => 'Library\\Router\\router',
      'type' => '->',
      'args' => 
      array (
      ),
    ),
  ),
  'type' => 'Error',
)
[2016-11-22 23:16:08], debug -> Exception:array (
  'code' => 101,
  'line' => 121,
  'file' => 'E:\\Dev\\cms\\library\\Router\\Router.php',
  'message' => '找不到指定的控制器:Index/Index',
  'trace' => 
  array (
    0 => 
    array (
      'file' => 'E:\\Dev\\cms\\public\\index.php',
      'line' => 13,
      'function' => 'dispatch',
      'class' => 'Library\\Router\\router',
      'type' => '->',
      'args' => 
      array (
      ),
    ),
  ),
  'type' => 'Error',
)
[2016-11-22 23:16:30], debug -> Exception:array (
  'code' => 101,
  'line' => 121,
  'file' => 'E:\\Dev\\cms\\library\\Router\\Router.php',
  'message' => '找不到指定的控制器:Index/Index',
  'trace' => 
  array (
    0 => 
    array (
      'file' => 'E:\\Dev\\cms\\public\\index.php',
      'line' => 13,
      'function' => 'dispatch',
      'class' => 'Library\\Router\\router',
      'type' => '->',
      'args' => 
      array (
      ),
    ),
  ),
  'type' => 'Error',
)
[2016-11-22 23:16:49], debug -> Exception:array (
  'code' => 101,
  'line' => 121,
  'file' => 'E:\\Dev\\cms\\library\\Router\\Router.php',
  'message' => '找不到指定的控制器:Index/Index',
  'trace' => 
  array (
    0 => 
    array (
      'file' => 'E:\\Dev\\cms\\public\\index.php',
      'line' => 13,
      'function' => 'dispatch',
      'class' => 'Library\\Router\\router',
      'type' => '->',
      'args' => 
      array (
      ),
    ),
  ),
  'type' => 'Error',
)
[2016-11-22 23:26:09], debug -> Exception:array (
  'code' => 101,
  'line' => 121,
  'file' => 'E:\\Dev\\cms\\library\\Router\\Router.php',
  'message' => '找不到指定的控制器:Index/Index',
  'trace' => 
  array (
    0 => 
    array (
      'file' => 'E:\\Dev\\cms\\public\\index.php',
      'line' => 13,
      'function' => 'dispatch',
      'class' => 'Library\\Router\\router',
      'type' => '->',
      'args' => 
      array (
      ),
    ),
  ),
  'type' => 'Error',
)
[2016-11-22 23:26:58], debug -> Exception:array (
  'code' => 101,
  'line' => 121,
  'file' => 'E:\\Dev\\cms\\library\\Router\\Router.php',
  'message' => '找不到指定的控制器:Index/Index',
  'trace' => 
  array (
    0 => 
    array (
      'file' => 'E:\\Dev\\cms\\public\\index.php',
      'line' => 13,
      'function' => 'dispatch',
      'class' => 'Library\\Router\\router',
      'type' => '->',
      'args' => 
      array (
      ),
    ),
  ),
  'type' => 'Error',
)
[2016-11-22 23:27:10], debug -> Exception:array (
  'code' => 101,
  'line' => 121,
  'file' => 'E:\\Dev\\cms\\library\\Router\\Router.php',
  'message' => '找不到指定的控制器:Index/Index',
  'trace' => 
  array (
    0 => 
    array (
      'file' => 'E:\\Dev\\cms\\public\\index.php',
      'line' => 13,
      'function' => 'dispatch',
      'class' => 'Library\\Router\\router',
      'type' => '->',
      'args' => 
      array (
      ),
    ),
  ),
  'type' => 'Error',
)
[2016-11-22 23:27:48], debug -> Exception:array (
  'code' => 101,
  'line' => 121,
  'file' => 'E:\\Dev\\cms\\library\\Router\\Router.php',
  'message' => '找不到指定的控制器:Index/Index',
  'trace' => 
  array (
    0 => 
    array (
      'file' => 'E:\\Dev\\cms\\public\\index.php',
      'line' => 13,
      'function' => 'dispatch',
      'class' => 'Library\\Router\\router',
      'type' => '->',
      'args' => 
      array (
      ),
    ),
  ),
  'type' => 'Error',
)
[2016-11-22 23:29:02], debug -> Exception:array (
  'code' => 101,
  'line' => 121,
  'file' => 'E:\\Dev\\cms\\library\\Router\\Router.php',
  'message' => '找不到指定的控制器:Index/Index',
  'trace' => 
  array (
    0 => 
    array (
      'file' => 'E:\\Dev\\cms\\public\\index.php',
      'line' => 13,
      'function' => 'dispatch',
      'class' => 'Library\\Router\\router',
      'type' => '->',
      'args' => 
      array (
      ),
    ),
  ),
  'type' => 'Error',
)
[2016-11-22 23:29:40], debug -> Exception:array (
  'code' => 101,
  'line' => 121,
  'file' => 'E:\\Dev\\cms\\library\\Router\\Router.php',
  'message' => '找不到指定的控制器:Index/Index',
  'trace' => 
  array (
    0 => 
    array (
      'file' => 'E:\\Dev\\cms\\public\\index.php',
      'line' => 13,
      'function' => 'dispatch',
      'class' => 'Library\\Router\\router',
      'type' => '->',
      'args' => 
      array (
      ),
    ),
  ),
  'type' => 'Error',
)
[2016-11-22 23:30:11], debug -> Exception:array (
  'code' => 101,
  'line' => 121,
  'file' => 'E:\\Dev\\cms\\library\\Router\\Router.php',
  'message' => '找不到指定的控制器:Index/Index',
  'trace' => 
  array (
    0 => 
    array (
      'file' => 'E:\\Dev\\cms\\public\\index.php',
      'line' => 13,
      'function' => 'dispatch',
      'class' => 'Library\\Router\\router',
      'type' => '->',
      'args' => 
      array (
      ),
    ),
  ),
  'type' => 'Error',
)
[2016-11-22 23:30:37], debug -> Exception:array (
  'code' => 101,
  'line' => 121,
  'file' => 'E:\\Dev\\cms\\library\\Router\\Router.php',
  'message' => '找不到指定的控制器:Index/Index',
  'trace' => 
  array (
    0 => 
    array (
      'file' => 'E:\\Dev\\cms\\public\\index.php',
      'line' => 13,
      'function' => 'dispatch',
      'class' => 'Library\\Router\\router',
      'type' => '->',
      'args' => 
      array (
      ),
    ),
  ),
  'type' => 'Error',
)
[2016-11-22 23:31:00], debug -> Exception:array (
  'code' => 101,
  'line' => 121,
  'file' => 'E:\\Dev\\cms\\library\\Router\\Router.php',
  'message' => '找不到指定的控制器:Index/Index',
  'trace' => 
  array (
    0 => 
    array (
      'file' => 'E:\\Dev\\cms\\public\\index.php',
      'line' => 13,
      'function' => 'dispatch',
      'class' => 'Library\\Router\\router',
      'type' => '->',
      'args' => 
      array (
      ),
    ),
  ),
  'type' => 'Error',
)
[2016-11-22 23:31:31], debug -> Exception:array (
  'code' => 101,
  'line' => 121,
  'file' => 'E:\\Dev\\cms\\library\\Router\\Router.php',
  'message' => '找不到指定的控制器:Index/Index',
  'trace' => 
  array (
    0 => 
    array (
      'file' => 'E:\\Dev\\cms\\public\\index.php',
      'line' => 13,
      'function' => 'dispatch',
      'class' => 'Library\\Router\\router',
      'type' => '->',
      'args' => 
      array (
      ),
    ),
  ),
  'type' => 'Error',
)
[2016-11-22 23:32:41], debug -> Exception:array (
  'code' => 101,
  'line' => 121,
  'file' => 'E:\\Dev\\cms\\library\\Router\\Router.php',
  'message' => '找不到指定的控制器:Index/Index',
  'trace' => 
  array (
    0 => 
    array (
      'file' => 'E:\\Dev\\cms\\public\\index.php',
      'line' => 13,
      'function' => 'dispatch',
      'class' => 'Library\\Router\\router',
      'type' => '->',
      'args' => 
      array (
      ),
    ),
  ),
  'type' => 'Error',
)
[2016-11-22 23:32:52], debug -> Exception:array (
  'code' => 101,
  'line' => 121,
  'file' => 'E:\\Dev\\cms\\library\\Router\\Router.php',
  'message' => '找不到指定的控制器:Index/Index',
  'trace' => 
  array (
    0 => 
    array (
      'file' => 'E:\\Dev\\cms\\public\\index.php',
      'line' => 13,
      'function' => 'dispatch',
      'class' => 'Library\\Router\\router',
      'type' => '->',
      'args' => 
      array (
      ),
    ),
  ),
  'type' => 'Error',
)
[2016-11-22 23:33:03], debug -> Exception:array (
  'code' => 101,
  'line' => 121,
  'file' => 'E:\\Dev\\cms\\library\\Router\\Router.php',
  'message' => '找不到指定的控制器:Index/Index',
  'trace' => 
  array (
    0 => 
    array (
      'file' => 'E:\\Dev\\cms\\public\\index.php',
      'line' => 13,
      'function' => 'dispatch',
      'class' => 'Library\\Router\\router',
      'type' => '->',
      'args' => 
      array (
      ),
    ),
  ),
  'type' => 'Error',
)
[2016-11-22 23:33:26], debug -> Exception:array (
  'code' => 101,
  'line' => 121,
  'file' => 'E:\\Dev\\cms\\library\\Router\\Router.php',
  'message' => '找不到指定的控制器:Index/Index',
  'trace' => 
  array (
    0 => 
    array (
      'file' => 'E:\\Dev\\cms\\public\\index.php',
      'line' => 13,
      'function' => 'dispatch',
      'class' => 'Library\\Router\\router',
      'type' => '->',
      'args' => 
      array (
      ),
    ),
  ),
  'type' => 'Error',
)
[2016-11-22 23:36:10], debug -> Exception:array (
  'code' => 101,
  'line' => 121,
  'file' => 'E:\\Dev\\cms\\library\\Router\\Router.php',
  'message' => '找不到指定的控制器:Index/Index',
  'trace' => 
  array (
    0 => 
    array (
      'file' => 'E:\\Dev\\cms\\public\\index.php',
      'line' => 13,
      'function' => 'dispatch',
      'class' => 'Library\\Router\\router',
      'type' => '->',
      'args' => 
      array (
      ),
    ),
  ),
  'type' => 'Error',
)
[2016-11-22 23:37:15], debug -> Exception:array (
  'code' => 101,
  'line' => 121,
  'file' => 'E:\\Dev\\cms\\library\\Router\\Router.php',
  'message' => '找不到指定的控制器:Index/Index',
  'trace' => 
  array (
    0 => 
    array (
      'file' => 'E:\\Dev\\cms\\public\\index.php',
      'line' => 13,
      'function' => 'dispatch',
      'class' => 'Library\\Router\\router',
      'type' => '->',
      'args' => 
      array (
      ),
    ),
  ),
  'type' => 'Error',
)
[2016-11-22 23:37:21], debug -> Exception:array (
  'code' => 101,
  'line' => 121,
  'file' => 'E:\\Dev\\cms\\library\\Router\\Router.php',
  'message' => '找不到指定的控制器:Index/Index',
  'trace' => 
  array (
    0 => 
    array (
      'file' => 'E:\\Dev\\cms\\public\\index.php',
      'line' => 13,
      'function' => 'dispatch',
      'class' => 'Library\\Router\\router',
      'type' => '->',
      'args' => 
      array (
      ),
    ),
  ),
  'type' => 'Error',
)
[2016-11-22 23:37:32], debug -> Exception:array (
  'code' => 101,
  'line' => 121,
  'file' => 'E:\\Dev\\cms\\library\\Router\\Router.php',
  'message' => '找不到指定的控制器:Index/Index',
  'trace' => 
  array (
    0 => 
    array (
      'file' => 'E:\\Dev\\cms\\public\\index.php',
      'line' => 13,
      'function' => 'dispatch',
      'class' => 'Library\\Router\\router',
      'type' => '->',
      'args' => 
      array (
      ),
    ),
  ),
  'type' => 'Error',
)
[2016-11-22 23:38:10], debug -> Exception:array (
  'code' => 101,
  'line' => 121,
  'file' => 'E:\\Dev\\cms\\library\\Router\\Router.php',
  'message' => '找不到指定的控制器:Index/Index',
  'trace' => 
  array (
    0 => 
    array (
      'file' => 'E:\\Dev\\cms\\public\\index.php',
      'line' => 13,
      'function' => 'dispatch',
      'class' => 'Library\\Router\\router',
      'type' => '->',
      'args' => 
      array (
      ),
    ),
  ),
  'type' => 'Error',
)
[2016-11-22 23:38:35], debug -> Exception:array (
  'code' => 101,
  'line' => 121,
  'file' => 'E:\\Dev\\cms\\library\\Router\\Router.php',
  'message' => '找不到指定的控制器:Index/Index',
  'trace' => 
  array (
    0 => 
    array (
      'file' => 'E:\\Dev\\cms\\public\\index.php',
      'line' => 13,
      'function' => 'dispatch',
      'class' => 'Library\\Router\\router',
      'type' => '->',
      'args' => 
      array (
      ),
    ),
  ),
  'type' => 'Error',
)
[2016-11-22 23:38:36], debug -> Exception:array (
  'code' => 101,
  'line' => 121,
  'file' => 'E:\\Dev\\cms\\library\\Router\\Router.php',
  'message' => '找不到指定的控制器:Index/Index',
  'trace' => 
  array (
    0 => 
    array (
      'file' => 'E:\\Dev\\cms\\public\\index.php',
      'line' => 13,
      'function' => 'dispatch',
      'class' => 'Library\\Router\\router',
      'type' => '->',
      'args' => 
      array (
      ),
    ),
  ),
  'type' => 'Error',
)
[2016-11-22 23:42:47], debug -> Exception:array (
  'code' => 101,
  'line' => 121,
  'file' => 'E:\\Dev\\cms\\library\\Router\\Router.php',
  'message' => '找不到指定的控制器:Index/Index',
  'trace' => 
  array (
    0 => 
    array (
      'file' => 'E:\\Dev\\cms\\public\\index.php',
      'line' => 13,
      'function' => 'dispatch',
      'class' => 'Library\\Router\\router',
      'type' => '->',
      'args' => 
      array (
      ),
    ),
  ),
  'type' => 'Error',
)
[2016-11-22 23:43:37], debug -> Exception:array (
  'code' => 101,
  'line' => 121,
  'file' => 'E:\\Dev\\cms\\library\\Router\\Router.php',
  'message' => '找不到指定的控制器:Index/Index',
  'trace' => 
  array (
    0 => 
    array (
      'file' => 'E:\\Dev\\cms\\public\\index.php',
      'line' => 13,
      'function' => 'dispatch',
      'class' => 'Library\\Router\\router',
      'type' => '->',
      'args' => 
      array (
      ),
    ),
  ),
  'type' => 'Error',
)
[2016-11-22 23:43:47], debug -> Exception:array (
  'code' => 101,
  'line' => 121,
  'file' => 'E:\\Dev\\cms\\library\\Router\\Router.php',
  'message' => '找不到指定的控制器:Index/Index',
  'trace' => 
  array (
    0 => 
    array (
      'file' => 'E:\\Dev\\cms\\public\\index.php',
      'line' => 13,
      'function' => 'dispatch',
      'class' => 'Library\\Router\\router',
      'type' => '->',
      'args' => 
      array (
      ),
    ),
  ),
  'type' => 'Error',
)
[2016-11-22 23:46:13], debug -> Exception:array (
  'code' => 101,
  'line' => 121,
  'file' => 'E:\\Dev\\cms\\library\\Router\\Router.php',
  'message' => '找不到指定的控制器:Index/Index',
  'trace' => 
  array (
    0 => 
    array (
      'file' => 'E:\\Dev\\cms\\public\\index.php',
      'line' => 13,
      'function' => 'dispatch',
      'class' => 'Library\\Router\\router',
      'type' => '->',
      'args' => 
      array (
      ),
    ),
  ),
  'type' => 'Error',
)
[2016-11-22 23:46:22], debug -> Exception:array (
  'code' => 101,
  'line' => 121,
  'file' => 'E:\\Dev\\cms\\library\\Router\\Router.php',
  'message' => '找不到指定的控制器:Index/Index',
  'trace' => 
  array (
    0 => 
    array (
      'file' => 'E:\\Dev\\cms\\public\\index.php',
      'line' => 13,
      'function' => 'dispatch',
      'class' => 'Library\\Router\\router',
      'type' => '->',
      'args' => 
      array (
      ),
    ),
  ),
  'type' => 'Error',
)
[2016-11-22 23:46:26], debug -> Exception:array (
  'code' => 101,
  'line' => 121,
  'file' => 'E:\\Dev\\cms\\library\\Router\\Router.php',
  'message' => '找不到指定的控制器:Index/Index',
  'trace' => 
  array (
    0 => 
    array (
      'file' => 'E:\\Dev\\cms\\public\\index.php',
      'line' => 13,
      'function' => 'dispatch',
      'class' => 'Library\\Router\\router',
      'type' => '->',
      'args' => 
      array (
      ),
    ),
  ),
  'type' => 'Error',
)
[2016-11-22 23:46:31], debug -> Exception:array (
  'code' => 101,
  'line' => 121,
  'file' => 'E:\\Dev\\cms\\library\\Router\\Router.php',
  'message' => '找不到指定的控制器:Index/Index',
  'trace' => 
  array (
    0 => 
    array (
      'file' => 'E:\\Dev\\cms\\public\\index.php',
      'line' => 13,
      'function' => 'dispatch',
      'class' => 'Library\\Router\\router',
      'type' => '->',
      'args' => 
      array (
      ),
    ),
  ),
  'type' => 'Error',
)
[2016-11-22 23:46:34], debug -> Exception:array (
  'code' => 101,
  'line' => 121,
  'file' => 'E:\\Dev\\cms\\library\\Router\\Router.php',
  'message' => '找不到指定的控制器:Index/Index',
  'trace' => 
  array (
    0 => 
    array (
      'file' => 'E:\\Dev\\cms\\public\\index.php',
      'line' => 13,
      'function' => 'dispatch',
      'class' => 'Library\\Router\\router',
      'type' => '->',
      'args' => 
      array (
      ),
    ),
  ),
  'type' => 'Error',
)
[2016-11-22 23:46:35], debug -> Exception:array (
  'code' => 101,
  'line' => 121,
  'file' => 'E:\\Dev\\cms\\library\\Router\\Router.php',
  'message' => '找不到指定的控制器:Index/Index',
  'trace' => 
  array (
    0 => 
    array (
      'file' => 'E:\\Dev\\cms\\public\\index.php',
      'line' => 13,
      'function' => 'dispatch',
      'class' => 'Library\\Router\\router',
      'type' => '->',
      'args' => 
      array (
      ),
    ),
  ),
  'type' => 'Error',
)
[2016-11-22 23:46:39], debug -> Exception:array (
  'code' => 101,
  'line' => 121,
  'file' => 'E:\\Dev\\cms\\library\\Router\\Router.php',
  'message' => '找不到指定的控制器:Index/Index',
  'trace' => 
  array (
    0 => 
    array (
      'file' => 'E:\\Dev\\cms\\public\\index.php',
      'line' => 13,
      'function' => 'dispatch',
      'class' => 'Library\\Router\\router',
      'type' => '->',
      'args' => 
      array (
      ),
    ),
  ),
  'type' => 'Error',
)
[2016-11-22 23:46:42], debug -> Exception:array (
  'code' => 101,
  'line' => 121,
  'file' => 'E:\\Dev\\cms\\library\\Router\\Router.php',
  'message' => '找不到指定的控制器:Index/Index',
  'trace' => 
  array (
    0 => 
    array (
      'file' => 'E:\\Dev\\cms\\public\\index.php',
      'line' => 13,
      'function' => 'dispatch',
      'class' => 'Library\\Router\\router',
      'type' => '->',
      'args' => 
      array (
      ),
    ),
  ),
  'type' => 'Error',
)
[2016-11-22 23:46:46], debug -> Exception:array (
  'code' => 101,
  'line' => 121,
  'file' => 'E:\\Dev\\cms\\library\\Router\\Router.php',
  'message' => '找不到指定的控制器:Index/Index',
  'trace' => 
  array (
    0 => 
    array (
      'file' => 'E:\\Dev\\cms\\public\\index.php',
      'line' => 13,
      'function' => 'dispatch',
      'class' => 'Library\\Router\\router',
      'type' => '->',
      'args' => 
      array (
      ),
    ),
  ),
  'type' => 'Error',
)
[2016-11-22 23:46:51], debug -> Exception:array (
  'code' => 101,
  'line' => 121,
  'file' => 'E:\\Dev\\cms\\library\\Router\\Router.php',
  'message' => '找不到指定的控制器:Index/Index',
  'trace' => 
  array (
    0 => 
    array (
      'file' => 'E:\\Dev\\cms\\public\\index.php',
      'line' => 13,
      'function' => 'dispatch',
      'class' => 'Library\\Router\\router',
      'type' => '->',
      'args' => 
      array (
      ),
    ),
  ),
  'type' => 'Error',
)
[2016-11-22 23:46:55], debug -> Exception:array (
  'code' => 101,
  'line' => 121,
  'file' => 'E:\\Dev\\cms\\library\\Router\\Router.php',
  'message' => '找不到指定的控制器:Index/Index',
  'trace' => 
  array (
    0 => 
    array (
      'file' => 'E:\\Dev\\cms\\public\\index.php',
      'line' => 13,
      'function' => 'dispatch',
      'class' => 'Library\\Router\\router',
      'type' => '->',
      'args' => 
      array (
      ),
    ),
  ),
  'type' => 'Error',
)
[2016-11-22 23:46:56], debug -> Exception:array (
  'code' => 101,
  'line' => 121,
  'file' => 'E:\\Dev\\cms\\library\\Router\\Router.php',
  'message' => '找不到指定的控制器:Index/Index',
  'trace' => 
  array (
    0 => 
    array (
      'file' => 'E:\\Dev\\cms\\public\\index.php',
      'line' => 13,
      'function' => 'dispatch',
      'class' => 'Library\\Router\\router',
      'type' => '->',
      'args' => 
      array (
      ),
    ),
  ),
  'type' => 'Error',
)
[2016-11-22 23:47:01], debug -> Exception:array (
  'code' => 101,
  'line' => 121,
  'file' => 'E:\\Dev\\cms\\library\\Router\\Router.php',
  'message' => '找不到指定的控制器:Index/Index',
  'trace' => 
  array (
    0 => 
    array (
      'file' => 'E:\\Dev\\cms\\public\\index.php',
      'line' => 13,
      'function' => 'dispatch',
      'class' => 'Library\\Router\\router',
      'type' => '->',
      'args' => 
      array (
      ),
    ),
  ),
  'type' => 'Error',
)
[2016-11-22 23:47:08], debug -> Exception:array (
  'code' => 101,
  'line' => 121,
  'file' => 'E:\\Dev\\cms\\library\\Router\\Router.php',
  'message' => '找不到指定的控制器:Index/Index',
  'trace' => 
  array (
    0 => 
    array (
      'file' => 'E:\\Dev\\cms\\public\\index.php',
      'line' => 13,
      'function' => 'dispatch',
      'class' => 'Library\\Router\\router',
      'type' => '->',
      'args' => 
      array (
      ),
    ),
  ),
  'type' => 'Error',
)
[2016-11-22 23:47:11], debug -> Exception:array (
  'code' => 101,
  'line' => 121,
  'file' => 'E:\\Dev\\cms\\library\\Router\\Router.php',
  'message' => '找不到指定的控制器:Index/Index',
  'trace' => 
  array (
    0 => 
    array (
      'file' => 'E:\\Dev\\cms\\public\\index.php',
      'line' => 13,
      'function' => 'dispatch',
      'class' => 'Library\\Router\\router',
      'type' => '->',
      'args' => 
      array (
      ),
    ),
  ),
  'type' => 'Error',
)
[2016-11-22 23:47:12], debug -> Exception:array (
  'code' => 101,
  'line' => 121,
  'file' => 'E:\\Dev\\cms\\library\\Router\\Router.php',
  'message' => '找不到指定的控制器:Index/Index',
  'trace' => 
  array (
    0 => 
    array (
      'file' => 'E:\\Dev\\cms\\public\\index.php',
      'line' => 13,
      'function' => 'dispatch',
      'class' => 'Library\\Router\\router',
      'type' => '->',
      'args' => 
      array (
      ),
    ),
  ),
  'type' => 'Error',
)
[2016-11-22 23:47:41], debug -> Exception:array (
  'code' => 101,
  'line' => 121,
  'file' => 'E:\\Dev\\cms\\library\\Router\\Router.php',
  'message' => '找不到指定的控制器:Index/Index',
  'trace' => 
  array (
    0 => 
    array (
      'file' => 'E:\\Dev\\cms\\public\\index.php',
      'line' => 13,
      'function' => 'dispatch',
      'class' => 'Library\\Router\\router',
      'type' => '->',
      'args' => 
      array (
      ),
    ),
  ),
  'type' => 'Error',
)
[2016-11-22 23:47:49], debug -> Exception:array (
  'code' => 101,
  'line' => 121,
  'file' => 'E:\\Dev\\cms\\library\\Router\\Router.php',
  'message' => '找不到指定的控制器:Index/Index',
  'trace' => 
  array (
    0 => 
    array (
      'file' => 'E:\\Dev\\cms\\public\\index.php',
      'line' => 13,
      'function' => 'dispatch',
      'class' => 'Library\\Router\\router',
      'type' => '->',
      'args' => 
      array (
      ),
    ),
  ),
  'type' => 'Error',
)
[2016-11-22 23:48:07], debug -> Exception:array (
  'code' => 101,
  'line' => 121,
  'file' => 'E:\\Dev\\cms\\library\\Router\\Router.php',
  'message' => '找不到指定的控制器:Index/Index',
  'trace' => 
  array (
    0 => 
    array (
      'file' => 'E:\\Dev\\cms\\public\\index.php',
      'line' => 13,
      'function' => 'dispatch',
      'class' => 'Library\\Router\\router',
      'type' => '->',
      'args' => 
      array (
      ),
    ),
  ),
  'type' => 'Error',
)
[2016-11-22 23:48:12], debug -> Exception:array (
  'code' => 101,
  'line' => 121,
  'file' => 'E:\\Dev\\cms\\library\\Router\\Router.php',
  'message' => '找不到指定的控制器:Index/Index',
  'trace' => 
  array (
    0 => 
    array (
      'file' => 'E:\\Dev\\cms\\public\\index.php',
      'line' => 13,
      'function' => 'dispatch',
      'class' => 'Library\\Router\\router',
      'type' => '->',
      'args' => 
      array (
      ),
    ),
  ),
  'type' => 'Error',
)
[2016-11-22 23:48:18], debug -> Exception:array (
  'code' => 101,
  'line' => 121,
  'file' => 'E:\\Dev\\cms\\library\\Router\\Router.php',
  'message' => '找不到指定的控制器:Index/Index',
  'trace' => 
  array (
    0 => 
    array (
      'file' => 'E:\\Dev\\cms\\public\\index.php',
      'line' => 13,
      'function' => 'dispatch',
      'class' => 'Library\\Router\\router',
      'type' => '->',
      'args' => 
      array (
      ),
    ),
  ),
  'type' => 'Error',
)
[2016-11-22 23:48:21], debug -> Exception:array (
  'code' => 101,
  'line' => 121,
  'file' => 'E:\\Dev\\cms\\library\\Router\\Router.php',
  'message' => '找不到指定的控制器:Index/Index',
  'trace' => 
  array (
    0 => 
    array (
      'file' => 'E:\\Dev\\cms\\public\\index.php',
      'line' => 13,
      'function' => 'dispatch',
      'class' => 'Library\\Router\\router',
      'type' => '->',
      'args' => 
      array (
      ),
    ),
  ),
  'type' => 'Error',
)
[2016-11-22 23:48:33], debug -> Exception:array (
  'code' => 101,
  'line' => 121,
  'file' => 'E:\\Dev\\cms\\library\\Router\\Router.php',
  'message' => '找不到指定的控制器:Index/Index',
  'trace' => 
  array (
    0 => 
    array (
      'file' => 'E:\\Dev\\cms\\public\\index.php',
      'line' => 13,
      'function' => 'dispatch',
      'class' => 'Library\\Router\\router',
      'type' => '->',
      'args' => 
      array (
      ),
    ),
  ),
  'type' => 'Error',
)
[2016-11-22 23:48:40], debug -> Exception:array (
  'code' => 101,
  'line' => 121,
  'file' => 'E:\\Dev\\cms\\library\\Router\\Router.php',
  'message' => '找不到指定的控制器:Index/Index',
  'trace' => 
  array (
    0 => 
    array (
      'file' => 'E:\\Dev\\cms\\public\\index.php',
      'line' => 13,
      'function' => 'dispatch',
      'class' => 'Library\\Router\\router',
      'type' => '->',
      'args' => 
      array (
      ),
    ),
  ),
  'type' => 'Error',
)
[2016-11-22 23:48:54], debug -> Exception:array (
  'code' => 101,
  'line' => 121,
  'file' => 'E:\\Dev\\cms\\library\\Router\\Router.php',
  'message' => '找不到指定的控制器:Index/Index',
  'trace' => 
  array (
    0 => 
    array (
      'file' => 'E:\\Dev\\cms\\public\\index.php',
      'line' => 13,
      'function' => 'dispatch',
      'class' => 'Library\\Router\\router',
      'type' => '->',
      'args' => 
      array (
      ),
    ),
  ),
  'type' => 'Error',
)
[2016-11-22 23:48:58], debug -> Exception:array (
  'code' => 101,
  'line' => 121,
  'file' => 'E:\\Dev\\cms\\library\\Router\\Router.php',
  'message' => '找不到指定的控制器:Index/Index',
  'trace' => 
  array (
    0 => 
    array (
      'file' => 'E:\\Dev\\cms\\public\\index.php',
      'line' => 13,
      'function' => 'dispatch',
      'class' => 'Library\\Router\\router',
      'type' => '->',
      'args' => 
      array (
      ),
    ),
  ),
  'type' => 'Error',
)
[2016-11-22 23:49:21], debug -> Exception:array (
  'code' => 101,
  'line' => 121,
  'file' => 'E:\\Dev\\cms\\library\\Router\\Router.php',
  'message' => '找不到指定的控制器:Index/Index',
  'trace' => 
  array (
    0 => 
    array (
      'file' => 'E:\\Dev\\cms\\public\\index.php',
      'line' => 13,
      'function' => 'dispatch',
      'class' => 'Library\\Router\\router',
      'type' => '->',
      'args' => 
      array (
      ),
    ),
  ),
  'type' => 'Error',
)
[2016-11-22 23:49:27], debug -> Exception:array (
  'code' => 101,
  'line' => 121,
  'file' => 'E:\\Dev\\cms\\library\\Router\\Router.php',
  'message' => '找不到指定的控制器:Index/Index',
  'trace' => 
  array (
    0 => 
    array (
      'file' => 'E:\\Dev\\cms\\public\\index.php',
      'line' => 13,
      'function' => 'dispatch',
      'class' => 'Library\\Router\\router',
      'type' => '->',
      'args' => 
      array (
      ),
    ),
  ),
  'type' => 'Error',
)
[2016-11-22 23:51:53], debug -> Exception:array (
  'code' => 101,
  'line' => 121,
  'file' => 'E:\\Dev\\cms\\library\\Router\\Router.php',
  'message' => '找不到指定的控制器:Index/Index',
  'trace' => 
  array (
    0 => 
    array (
      'file' => 'E:\\Dev\\cms\\public\\index.php',
      'line' => 13,
      'function' => 'dispatch',
      'class' => 'Library\\Router\\router',
      'type' => '->',
      'args' => 
      array (
      ),
    ),
  ),
  'type' => 'Error',
)
[2016-11-22 23:52:06], debug -> Exception:array (
  'code' => 101,
  'line' => 121,
  'file' => 'E:\\Dev\\cms\\library\\Router\\Router.php',
  'message' => '找不到指定的控制器:Index/Index',
  'trace' => 
  array (
    0 => 
    array (
      'file' => 'E:\\Dev\\cms\\public\\index.php',
      'line' => 13,
      'function' => 'dispatch',
      'class' => 'Library\\Router\\router',
      'type' => '->',
      'args' => 
      array (
      ),
    ),
  ),
  'type' => 'Error',
)
[2016-11-22 23:55:50], debug -> Exception:array (
  'code' => 0,
  'line' => 189,
  'file' => 'E:\\Dev\\cms\\app\\C\\Admin\\Category.php',
  'message' => 'syntax error, unexpected \'if\' (T_IF)',
  'trace' => 
  array (
    0 => 
    array (
      'file' => 'E:\\Dev\\cms\\vendor\\composer\\ClassLoader.php',
      'line' => 301,
      'function' => 'Composer\\Autoload\\includeFile',
      'args' => 
      array (
        0 => 'E:\\Dev\\cms\\vendor\\composer/../../app\\C\\Admin\\Category.php',
      ),
    ),
    1 => 
    array (
      'function' => 'loadClass',
      'class' => 'Composer\\Autoload\\ClassLoader',
      'type' => '->',
      'args' => 
      array (
        0 => 'App\\C\\Admin\\Category',
      ),
    ),
    2 => 
    array (
      'function' => 'spl_autoload_call',
      'args' => 
      array (
        0 => 'App\\C\\Admin\\Category',
      ),
    ),
    3 => 
    array (
      'file' => 'E:\\Dev\\cms\\library\\Router\\Router.php',
      'line' => 117,
      'function' => 'class_exists',
      'args' => 
      array (
        0 => '\\App\\C\\Admin\\Category',
      ),
    ),
    4 => 
    array (
      'file' => 'E:\\Dev\\cms\\public\\index.php',
      'line' => 13,
      'function' => 'dispatch',
      'class' => 'Library\\Router\\router',
      'type' => '->',
      'args' => 
      array (
      ),
    ),
  ),
  'type' => 'Error',
)
[2016-11-22 23:55:50], debug -> Exception:array (
  'code' => 101,
  'line' => 121,
  'file' => 'E:\\Dev\\cms\\library\\Router\\Router.php',
  'message' => '找不到指定的控制器:Index/Index',
  'trace' => 
  array (
    0 => 
    array (
      'file' => 'E:\\Dev\\cms\\public\\index.php',
      'line' => 13,
      'function' => 'dispatch',
      'class' => 'Library\\Router\\router',
      'type' => '->',
      'args' => 
      array (
      ),
    ),
  ),
  'type' => 'Error',
)
[2016-11-22 23:56:03], debug -> Exception:array (
  'code' => 101,
  'line' => 121,
  'file' => 'E:\\Dev\\cms\\library\\Router\\Router.php',
  'message' => '找不到指定的控制器:Index/Index',
  'trace' => 
  array (
    0 => 
    array (
      'file' => 'E:\\Dev\\cms\\public\\index.php',
      'line' => 13,
      'function' => 'dispatch',
      'class' => 'Library\\Router\\router',
      'type' => '->',
      'args' => 
      array (
      ),
    ),
  ),
  'type' => 'Error',
)
[2016-11-22 23:56:22], debug -> Exception:array (
  'code' => 101,
  'line' => 121,
  'file' => 'E:\\Dev\\cms\\library\\Router\\Router.php',
  'message' => '找不到指定的控制器:Index/Index',
  'trace' => 
  array (
    0 => 
    array (
      'file' => 'E:\\Dev\\cms\\public\\index.php',
      'line' => 13,
      'function' => 'dispatch',
      'class' => 'Library\\Router\\router',
      'type' => '->',
      'args' => 
      array (
      ),
    ),
  ),
  'type' => 'Error',
)
[2016-11-22 23:56:25], debug -> Exception:array (
  'code' => 101,
  'line' => 121,
  'file' => 'E:\\Dev\\cms\\library\\Router\\Router.php',
  'message' => '找不到指定的控制器:Index/Index',
  'trace' => 
  array (
    0 => 
    array (
      'file' => 'E:\\Dev\\cms\\public\\index.php',
      'line' => 13,
      'function' => 'dispatch',
      'class' => 'Library\\Router\\router',
      'type' => '->',
      'args' => 
      array (
      ),
    ),
  ),
  'type' => 'Error',
)
[2016-11-22 23:56:29], debug -> Exception:array (
  'code' => 101,
  'line' => 121,
  'file' => 'E:\\Dev\\cms\\library\\Router\\Router.php',
  'message' => '找不到指定的控制器:Index/Index',
  'trace' => 
  array (
    0 => 
    array (
      'file' => 'E:\\Dev\\cms\\public\\index.php',
      'line' => 13,
      'function' => 'dispatch',
      'class' => 'Library\\Router\\router',
      'type' => '->',
      'args' => 
      array (
      ),
    ),
  ),
  'type' => 'Error',
)
[2016-11-22 23:56:34], debug -> Exception:array (
  'code' => 101,
  'line' => 121,
  'file' => 'E:\\Dev\\cms\\library\\Router\\Router.php',
  'message' => '找不到指定的控制器:Index/Index',
  'trace' => 
  array (
    0 => 
    array (
      'file' => 'E:\\Dev\\cms\\public\\index.php',
      'line' => 13,
      'function' => 'dispatch',
      'class' => 'Library\\Router\\router',
      'type' => '->',
      'args' => 
      array (
      ),
    ),
  ),
  'type' => 'Error',
)
[2016-11-22 23:56:42], debug -> Exception:array (
  'code' => 101,
  'line' => 121,
  'file' => 'E:\\Dev\\cms\\library\\Router\\Router.php',
  'message' => '找不到指定的控制器:Index/Index',
  'trace' => 
  array (
    0 => 
    array (
      'file' => 'E:\\Dev\\cms\\public\\index.php',
      'line' => 13,
      'function' => 'dispatch',
      'class' => 'Library\\Router\\router',
      'type' => '->',
      'args' => 
      array (
      ),
    ),
  ),
  'type' => 'Error',
)
